2025-12-07 01:53:21,326 - INFO - Conectando a Odoo 16 (VPS) (http://149.50.138.116:8069)...
2025-12-07 01:53:21,827 - INFO - ✓ Conectado a Odoo 16 (VPS) - Versión: 16.0-20240522
2025-12-07 01:53:21,827 - INFO - Conectando a Odoo 18 (Local) (http://localhost:8069)...
2025-12-07 01:53:23,185 - INFO - ✓ Conectado a Odoo 18 (Local) - Versión: 18.0-20251121
2025-12-07 01:53:23,185 - INFO - Cargando mapeo de IDs para el modelo: product.template...
2025-12-07 01:53:23,251 - INFO - ✓ Mapeo cargado para product.template: 0 IDs encontrados.
2025-12-07 01:53:23,251 - INFO - Cargando mapeo de IDs para el modelo: product.product...
2025-12-07 01:53:23,475 - INFO - ✓ Mapeo cargado para product.product: 0 IDs encontrados.
2025-12-07 01:53:23,475 - INFO - Cargando mapeo de IDs para el modelo: product.category...
2025-12-07 01:53:23,556 - INFO - ✓ Mapeo cargado para product.category: 0 IDs encontrados.
2025-12-07 01:53:23,557 - INFO - Cargando mapeo de IDs para el modelo: res.currency...
2025-12-07 01:53:23,609 - INFO - ✓ Mapeo cargado para res.currency: 0 IDs encontrados.
2025-12-07 01:53:23,609 - INFO - 
2025-12-07 01:53:23,609 - INFO - ╔==========================================================╗
2025-12-07 01:53:23,610 - INFO - ║          SINCRONIZACIÓN DE LISTAS DE PRECIOS           ║
2025-12-07 01:53:23,610 - INFO - ║               Odoo 16 → Odoo 18                         ║
2025-12-07 01:53:23,610 - INFO - ╚==========================================================╝
2025-12-07 01:53:23,610 - INFO - 
2025-12-07 01:53:23,610 - INFO - 
2025-12-07 01:53:23,610 - INFO - ============================================================
2025-12-07 01:53:23,610 - INFO - SINCRONIZANDO LISTAS DE PRECIOS (product.pricelist)
2025-12-07 01:53:23,610 - INFO - ============================================================
2025-12-07 01:53:23,667 - INFO - ✓ Encontradas 6 listas de precios
2025-12-07 01:53:23,667 - INFO - [1/6] Procesando Lista: Precio de Lista
2025-12-07 01:53:23,667 - WARNING - ⚠ Moneda ID 20 no mapeada. Usando Moneda por Defecto para Precio de Lista.
2025-12-07 01:53:24,132 - INFO - [2/6] Procesando Lista: Efectivo c/descuento
2025-12-07 01:53:24,132 - WARNING - ⚠ Moneda ID 20 no mapeada. Usando Moneda por Defecto para Efectivo c/descuento.
2025-12-07 01:53:25,680 - INFO - [3/6] Procesando Lista: 3 Cuotas
2025-12-07 01:53:25,681 - WARNING - ⚠ Moneda ID 20 no mapeada. Usando Moneda por Defecto para 3 Cuotas.
2025-12-07 01:53:27,246 - INFO - [4/6] Procesando Lista: 6 cuotas
2025-12-07 01:53:27,246 - WARNING - ⚠ Moneda ID 20 no mapeada. Usando Moneda por Defecto para 6 cuotas.
2025-12-07 01:53:28,847 - INFO - [5/6] Procesando Lista: 9 cuotas
2025-12-07 01:53:28,847 - WARNING - ⚠ Moneda ID 20 no mapeada. Usando Moneda por Defecto para 9 cuotas.
2025-12-07 01:53:30,445 - INFO - [6/6] Procesando Lista: 12 cuotas
2025-12-07 01:53:30,445 - WARNING - ⚠ Moneda ID 20 no mapeada. Usando Moneda por Defecto para 12 cuotas.
2025-12-07 01:53:31,989 - INFO - ✓ Listas de precios sincronizadas. Continuando con Reglas...
2025-12-07 01:53:31,989 - INFO - 
2025-12-07 01:53:31,990 - INFO - ============================================================
2025-12-07 01:53:31,990 - INFO - SINCRONIZANDO REGLAS DE PRECIOS (product.pricelist.item)
2025-12-07 01:53:31,990 - INFO - ============================================================
2025-12-07 01:53:32,053 - INFO - ✓ Encontradas 6 reglas de precios para sincronizar
2025-12-07 01:53:34,464 - INFO - 
2025-12-07 01:53:34,464 - INFO - ============================================================
2025-12-07 01:53:34,465 - INFO - RESUMEN DE SINCRONIZACIÓN
2025-12-07 01:53:34,465 - INFO - ============================================================
2025-12-07 01:53:34,465 - INFO - 
💲 LISTAS DE PRECIOS (product.pricelist):
2025-12-07 01:53:34,465 - INFO -    Total:          6
2025-12-07 01:53:34,465 - INFO -    ✓ Creadas:      0
2025-12-07 01:53:34,466 - INFO -    ✓ Actualizadas: 6
2025-12-07 01:53:34,466 - INFO -    ❌ Errores:      0
2025-12-07 01:53:34,466 - INFO - 
📜 REGLAS DE PRECIOS (product.pricelist.item):
2025-12-07 01:53:34,466 - INFO -    Total:          6
2025-12-07 01:53:34,466 - INFO -    ✓ Creadas:      0
2025-12-07 01:53:34,466 - INFO -    ✓ Actualizadas: 6
2025-12-07 01:53:34,466 - INFO -    ❌ Errores:      0
2025-12-07 01:53:34,466 - INFO - 
⏱ Tiempo total: 0:00:10.855097
2025-12-07 01:53:34,466 - INFO - ============================================================
2025-12-07 01:53:34,466 - INFO - ✓ ¡Sincronización de Listas de Precios completada exitosamente!
