2025-12-07 01:04:51,816 - INFO - Conectando a Odoo 16 (VPS) (http://149.50.138.116:8069)...
2025-12-07 01:04:52,465 - INFO - ✓ Conectado a Odoo 16 (VPS) - Versión: 16.0-20240522
2025-12-07 01:04:52,465 - INFO - Conectando a Odoo 18 (Local) (http://localhost:8069)...
2025-12-07 01:04:54,154 - INFO - 
⚠ Sincronización interrumpida por el usuario
2025-12-07 01:05:13,481 - INFO - Conectando a Odoo 16 (VPS) (http://149.50.138.116:8069)...
2025-12-07 01:05:14,023 - INFO - ✓ Conectado a Odoo 16 (VPS) - Versión: 16.0-20240522
2025-12-07 01:05:14,023 - INFO - Conectando a Odoo 18 (Local) (http://localhost:8069)...
2025-12-07 01:05:15,534 - INFO - ✓ Conectado a Odoo 18 (Local) - Versión: 18.0-20251121
2025-12-07 01:05:15,534 - INFO - 
2025-12-07 01:05:15,535 - INFO - ╔==========================================================╗
2025-12-07 01:05:15,535 - INFO - ║          SINCRONIZACIÓN DE PROVEEDORES                   ║
2025-12-07 01:05:15,535 - INFO - ║               Odoo 16 → Odoo 18                          ║
2025-12-07 01:05:15,535 - INFO - ╚==========================================================╝
2025-12-07 01:05:15,535 - INFO - 
2025-12-07 01:05:15,535 - INFO - ============================================================
2025-12-07 01:05:15,535 - INFO - OBTENIENDO PROVEEDORES DESDE ODOO 16
2025-12-07 01:05:15,535 - INFO - ============================================================
2025-12-07 01:05:15,628 - INFO - ✓ Encontrados 25 proveedores
2025-12-07 01:05:15,628 - INFO - 
2025-12-07 01:05:15,628 - INFO - ============================================================
2025-12-07 01:05:15,628 - INFO - SINCRONIZANDO PROVEEDORES
2025-12-07 01:05:15,628 - INFO - ============================================================
2025-12-07 01:05:15,628 - INFO - [1/25] Procesando: Air SRL
2025-12-07 01:05:17,572 - INFO - ✓ Actualizado: Air SRL (ID: 10)
2025-12-07 01:05:17,572 - INFO - [2/25] Procesando: CASA TRASORRAS S.A.
2025-12-07 01:05:18,028 - INFO - ✓ Actualizado: CASA TRASORRAS S.A. (ID: 11)
2025-12-07 01:05:18,028 - INFO - [3/25] Procesando: Ceven S.A
2025-12-07 01:05:18,444 - INFO - ✓ Actualizado: Ceven S.A (ID: 12)
2025-12-07 01:05:18,444 - INFO - [4/25] Procesando: ESProvider
2025-12-07 01:05:18,762 - INFO - ✓ Actualizado: ESProvider (ID: 13)
2025-12-07 01:05:18,762 - INFO - [5/25] Procesando: Electroquimica Delta SRL
2025-12-07 01:05:19,164 - INFO - ✓ Actualizado: Electroquimica Delta SRL (ID: 14)
2025-12-07 01:05:19,164 - INFO - [6/25] Procesando: Elit SA
2025-12-07 01:05:19,654 - INFO - ✓ Actualizado: Elit SA (ID: 15)
2025-12-07 01:05:19,655 - INFO - [7/25] Procesando: FREE S.A.
2025-12-07 01:05:20,077 - INFO - ✓ Actualizado: FREE S.A. (ID: 16)
2025-12-07 01:05:20,077 - INFO - [8/25] Procesando: Future Graphics LLC Argentina SA - Global
2025-12-07 01:05:20,487 - INFO - ✓ Actualizado: Future Graphics LLC Argentina SA - Global (ID: 17)
2025-12-07 01:05:20,487 - INFO - [9/25] Procesando: GRUPO NUCLEO S.A.
2025-12-07 01:05:20,888 - INFO - ✓ Actualizado: GRUPO NUCLEO S.A. (ID: 18)
2025-12-07 01:05:20,889 - INFO - [10/25] Procesando: GTC Ribbon S.A.
2025-12-07 01:05:21,323 - INFO - ✓ Actualizado: GTC Ribbon S.A. (ID: 19)
2025-12-07 01:05:21,323 - INFO - [11/25] Procesando: IKON Solutions S.A.
2025-12-07 01:05:21,728 - INFO - ✓ Actualizado: IKON Solutions S.A. (ID: 20)
2025-12-07 01:05:21,728 - INFO - [12/25] Procesando: INTCO SRL
2025-12-07 01:05:22,160 - INFO - ✓ Actualizado: INTCO SRL (ID: 21)
2025-12-07 01:05:22,160 - INFO - [13/25] Procesando: Intermaco S.R.L.
2025-12-07 01:05:22,536 - INFO - ✓ Actualizado: Intermaco S.R.L. (ID: 22)
2025-12-07 01:05:22,537 - INFO - [14/25] Procesando: Intracom Argentina S.A.
2025-12-07 01:05:22,938 - INFO - ✓ Actualizado: Intracom Argentina S.A. (ID: 23)
2025-12-07 01:05:22,938 - INFO - [15/25] Procesando: Invid Computers - Jukebox S.A
2025-12-07 01:05:23,579 - INFO - ✓ Actualizado: Invid Computers - Jukebox S.A (ID: 24)
2025-12-07 01:05:23,579 - INFO - [16/25] Procesando: MAGIC Pro *
2025-12-07 01:05:23,987 - INFO - ✓ Actualizado: MAGIC Pro * (ID: 25)
2025-12-07 01:05:23,987 - INFO - [17/25] Procesando: MANSILLA JUAN JOSE
2025-12-07 01:05:24,639 - INFO - ✓ Actualizado: MANSILLA JUAN JOSE (ID: 26)
2025-12-07 01:05:24,639 - INFO - [18/25] Procesando: MICROGLOBAL ARGENTINA S.A
2025-12-07 01:05:26,186 - INFO - ✓ Actualizado: MICROGLOBAL ARGENTINA S.A (ID: 27)
2025-12-07 01:05:26,187 - INFO - [19/25] Procesando: NB Distribuidora Mayorista SRL - NewBytes
2025-12-07 01:05:26,983 - INFO - ✓ Actualizado: NB Distribuidora Mayorista SRL - NewBytes (ID: 28)
2025-12-07 01:05:26,983 - INFO - [20/25] Procesando: OmniChannel S.A.
2025-12-07 01:05:27,612 - INFO - ✓ Actualizado: OmniChannel S.A. (ID: 29)
2025-12-07 01:05:27,613 - INFO - [21/25] Procesando: PLANETA VULCANO S.R.L.
2025-12-07 01:05:28,139 - INFO - ✓ Actualizado: PLANETA VULCANO S.R.L. (ID: 30)
2025-12-07 01:05:28,139 - INFO - [22/25] Procesando: Pc Arts Argentina S.A.
2025-12-07 01:05:28,553 - INFO - ✓ Actualizado: Pc Arts Argentina S.A. (ID: 31)
2025-12-07 01:05:28,554 - INFO - [23/25] Procesando: Polytech S.A.
2025-12-07 01:05:28,968 - INFO - ✓ Actualizado: Polytech S.A. (ID: 32)
2025-12-07 01:05:28,968 - INFO - [24/25] Procesando: RITHNER PORTEOUS & C.í.a. S.A. C.e.I.
2025-12-07 01:05:29,600 - INFO - ✓ Actualizado: RITHNER PORTEOUS & C.í.a. S.A. C.e.I. (ID: 33)
2025-12-07 01:05:29,600 - INFO - [25/25] Procesando: Stenfar S.A.U.
2025-12-07 01:05:30,205 - INFO - ✓ Actualizado: Stenfar S.A.U. (ID: 34)
2025-12-07 01:05:30,205 - INFO - 
2025-12-07 01:05:30,205 - INFO - ============================================================
2025-12-07 01:05:30,206 - INFO - RESUMEN DE SINCRONIZACIÓN
2025-12-07 01:05:30,206 - INFO - ============================================================
2025-12-07 01:05:30,206 - INFO - Total procesados: 25
2025-12-07 01:05:30,206 - INFO - ✓ Creados:       0
2025-12-07 01:05:30,207 - INFO - ✓ Actualizados:  25
2025-12-07 01:05:30,207 - INFO - ❌ Errores:       0
2025-12-07 01:05:30,207 - INFO - ⏱ Tiempo:         0:00:14.670655
2025-12-07 01:05:30,207 - INFO - ============================================================
2025-12-07 01:05:30,207 - INFO - ✓ ¡Sincronización completada exitosamente!
