2025-12-07 01:05:30,580 - INFO - Conectando a Odoo 16 (VPS) (http://149.50.138.116:8069)...
2025-12-07 01:05:31,111 - INFO - ✓ Conectado a Odoo 16 (VPS) - Versión: 16.0-20240522
2025-12-07 01:05:31,111 - INFO - Conectando a Odoo 18 (Local) (http://localhost:8069)...
2025-12-07 01:05:33,274 - INFO - ✓ Conectado a Odoo 18 (Local) - Versión: 18.0-20251121
2025-12-07 01:05:33,275 - INFO - 
2025-12-07 01:05:33,275 - INFO - ╔==========================================================╗
2025-12-07 01:05:33,275 - INFO - ║            SINCRONIZACIÓN DE CLIENTES                    ║
2025-12-07 01:05:33,275 - INFO - ║               Odoo 16 → Odoo 18                          ║
2025-12-07 01:05:33,276 - INFO - ╚==========================================================╝
2025-12-07 01:05:33,276 - INFO - 
2025-12-07 01:05:33,276 - INFO - ============================================================
2025-12-07 01:05:33,276 - INFO - OBTENIENDO CLIENTES DESDE ODOO 16
2025-12-07 01:05:33,277 - INFO - ============================================================
2025-12-07 01:05:33,644 - INFO - ✓ Encontrados 408 clientes
2025-12-07 01:05:33,647 - INFO - 
2025-12-07 01:05:33,647 - INFO - ============================================================
2025-12-07 01:05:33,647 - INFO - SINCRONIZANDO CLIENTES
2025-12-07 01:05:33,647 - INFO - ============================================================
2025-12-07 01:05:33,647 - INFO - [1/408] Procesando: +54 9 11 2236-3177 ~Seba
2025-12-07 01:05:34,057 - INFO - ✓ Actualizado: +54 9 11 2236-3177 ~Seba (ID: 35)
2025-12-07 01:05:34,058 - INFO - [2/408] Procesando: +54 9 11 2768-9611 ~.
2025-12-07 01:05:34,401 - INFO - ✓ Actualizado: +54 9 11 2768-9611 ~. (ID: 36)
2025-12-07 01:05:34,401 - INFO - [3/408] Procesando: +54 9 11 2801-6297 ~Nacho
2025-12-07 01:05:34,969 - INFO - ✓ Actualizado: +54 9 11 2801-6297 ~Nacho (ID: 37)
2025-12-07 01:05:34,969 - INFO - [4/408] Procesando: +54 9 11 3018-7599 ~Lucas Alihuen Godoy
2025-12-07 01:05:35,332 - INFO - ✓ Actualizado: +54 9 11 3018-7599 ~Lucas Alihuen Godoy (ID: 38)
2025-12-07 01:05:35,333 - INFO - [5/408] Procesando: +54 9 11 3049-0963 ~Lorena Jerkovic
2025-12-07 01:05:35,582 - INFO - ✓ Actualizado: +54 9 11 3049-0963 ~Lorena Jerkovic (ID: 39)
2025-12-07 01:05:35,582 - INFO - [6/408] Procesando: +54 9 11 3376-4989 ~Ivan Ismael
2025-12-07 01:05:35,796 - INFO - ✓ Actualizado: +54 9 11 3376-4989 ~Ivan Ismael (ID: 40)
2025-12-07 01:05:35,796 - INFO - [7/408] Procesando: +54 9 11 3425-5655 ~Tomi Ceballos
2025-12-07 01:05:36,055 - INFO - ✓ Actualizado: +54 9 11 3425-5655 ~Tomi Ceballos (ID: 41)
2025-12-07 01:05:36,055 - INFO - [8/408] Procesando: +54 9 11 3454-4929 ~Nestor
2025-12-07 01:05:36,389 - INFO - ✓ Actualizado: +54 9 11 3454-4929 ~Nestor (ID: 42)
2025-12-07 01:05:36,389 - INFO - [9/408] Procesando: +54 9 11 3670-3099 ~Ale M
2025-12-07 01:05:36,741 - INFO - ✓ Actualizado: +54 9 11 3670-3099 ~Ale M (ID: 43)
2025-12-07 01:05:36,742 - INFO - [10/408] Procesando: +54 9 11 37012530 ~OSVALDO CHAQUI
2025-12-07 01:05:37,636 - INFO - ✓ Actualizado: +54 9 11 37012530 ~OSVALDO CHAQUI (ID: 44)
2025-12-07 01:05:37,637 - INFO - [11/408] Procesando: +54 9 11 3844-8418 ~Gustavo
2025-12-07 01:05:38,388 - INFO - ✓ Actualizado: +54 9 11 3844-8418 ~Gustavo (ID: 45)
2025-12-07 01:05:38,388 - INFO - [12/408] Procesando: +54 9 11 4050-7721 ~Nico Gro 🇦🇹
2025-12-07 01:05:39,044 - INFO - ✓ Actualizado: +54 9 11 4050-7721 ~Nico Gro 🇦🇹 (ID: 46)
2025-12-07 01:05:39,044 - INFO - [13/408] Procesando: +54 9 11 4055-0637 ~Diego Castro
2025-12-07 01:05:39,384 - INFO - ✓ Actualizado: +54 9 11 4055-0637 ~Diego Castro (ID: 47)
2025-12-07 01:05:39,384 - INFO - [14/408] Procesando: +54 9 11 4472-4757 ~Norberto
2025-12-07 01:05:39,785 - INFO - ✓ Actualizado: +54 9 11 4472-4757 ~Norberto (ID: 48)
2025-12-07 01:05:39,785 - INFO - [15/408] Procesando: +54 9 11 4937-5012 ~Javi Vassia
2025-12-07 01:05:40,146 - INFO - ✓ Actualizado: +54 9 11 4937-5012 ~Javi Vassia (ID: 49)
2025-12-07 01:05:40,146 - INFO - [16/408] Procesando: +54 9 11 5306-2768 ~Raúl
2025-12-07 01:05:40,551 - INFO - ✓ Actualizado: +54 9 11 5306-2768 ~Raúl (ID: 50)
2025-12-07 01:05:40,552 - INFO - [17/408] Procesando: +54 9 11 54984291 PABLO DANIEL DIAZ
2025-12-07 01:05:40,908 - INFO - ✓ Actualizado: +54 9 11 54984291 PABLO DANIEL DIAZ (ID: 51)
2025-12-07 01:05:40,909 - INFO - [18/408] Procesando: +54 9 11 5647-5225 ~Gonza
2025-12-07 01:05:41,318 - INFO - ✓ Actualizado: +54 9 11 5647-5225 ~Gonza (ID: 52)
2025-12-07 01:05:41,318 - INFO - [19/408] Procesando: +54 9 11 5741-5482 ~Marie
2025-12-07 01:05:41,662 - INFO - ✓ Actualizado: +54 9 11 5741-5482 ~Marie (ID: 53)
2025-12-07 01:05:41,663 - INFO - [20/408] Procesando: +54 9 11 5750-3202 ~Gabriel
2025-12-07 01:05:42,075 - INFO - ✓ Actualizado: +54 9 11 5750-3202 ~Gabriel (ID: 54)
2025-12-07 01:05:42,076 - INFO - [21/408] Procesando: +54 9 11 5814-6205 ~Yanina Provoste
2025-12-07 01:05:42,804 - INFO - ✓ Actualizado: +54 9 11 5814-6205 ~Yanina Provoste (ID: 55)
2025-12-07 01:05:42,805 - INFO - [22/408] Procesando: +54 9 11 5881-4567 Nicolas
2025-12-07 01:05:43,284 - INFO - ✓ Actualizado: +54 9 11 5881-4567 Nicolas (ID: 56)
2025-12-07 01:05:43,284 - INFO - [23/408] Procesando: +54 9 11 5936-0509 ~Vane
2025-12-07 01:05:43,882 - INFO - ✓ Actualizado: +54 9 11 5936-0509 ~Vane (ID: 57)
2025-12-07 01:05:43,882 - INFO - [24/408] Procesando: +54 9 11 6122-5653 Nestor
2025-12-07 01:05:44,225 - INFO - ✓ Actualizado: +54 9 11 6122-5653 Nestor (ID: 58)
2025-12-07 01:05:44,225 - INFO - [25/408] Procesando: +54 9 11 6241-8297 LOURDES
2025-12-07 01:05:44,805 - INFO - ✓ Actualizado: +54 9 11 6241-8297 LOURDES (ID: 59)
2025-12-07 01:05:44,805 - INFO - [26/408] Procesando: +54 9 11 6575-4447 ~Ricardo Norberto Lozano
2025-12-07 01:05:45,287 - INFO - ✓ Actualizado: +54 9 11 6575-4447 ~Ricardo Norberto Lozano (ID: 60)
2025-12-07 01:05:45,288 - INFO - [27/408] Procesando: +54 9 11 6764-2103 ~JUAN PABLO BLASS
2025-12-07 01:05:45,579 - INFO - ✓ Actualizado: +54 9 11 6764-2103 ~JUAN PABLO BLASS (ID: 61)
2025-12-07 01:05:45,580 - INFO - [28/408] Procesando: +54 9 11 6801-2048 ~fabio somigli
2025-12-07 01:05:45,842 - INFO - ✓ Actualizado: +54 9 11 6801-2048 ~fabio somigli (ID: 62)
2025-12-07 01:05:45,842 - INFO - [29/408] Procesando: +54 9 11 6845-3169 ~Mechi
2025-12-07 01:05:46,212 - INFO - ✓ Actualizado: +54 9 11 6845-3169 ~Mechi (ID: 63)
2025-12-07 01:05:46,212 - INFO - [30/408] Procesando: +54 9 11 6865-5859 POLACO COLOMBO
2025-12-07 01:05:46,442 - INFO - ✓ Actualizado: +54 9 11 6865-5859 POLACO COLOMBO (ID: 64)
2025-12-07 01:05:46,442 - INFO - [31/408] Procesando: +54911 37550642 Omar Peñate
2025-12-07 01:05:46,718 - INFO - ✓ Actualizado: +54911 37550642 Omar Peñate (ID: 65)
2025-12-07 01:05:46,718 - INFO - [32/408] Procesando: 1141911178 CARLOS
2025-12-07 01:05:47,083 - INFO - ✓ Actualizado: 1141911178 CARLOS (ID: 66)
2025-12-07 01:05:47,083 - INFO - [33/408] Procesando: 15-5190-2034 PILAR
2025-12-07 01:05:47,619 - INFO - ✓ Actualizado: 15-5190-2034 PILAR (ID: 67)
2025-12-07 01:05:47,619 - INFO - [34/408] Procesando: 2L SRL
2025-12-07 01:05:48,447 - INFO - ✓ Actualizado: 2L SRL (ID: 68)
2025-12-07 01:05:48,447 - INFO - [35/408] Procesando: 30-70721794-0
2025-12-07 01:05:48,833 - INFO - ✓ Actualizado: 30-70721794-0 (ID: 69)
2025-12-07 01:05:48,834 - INFO - [36/408] Procesando: 610 CARWAY S.A.
2025-12-07 01:05:49,245 - INFO - ✓ Actualizado: 610 CARWAY S.A. (ID: 70)
2025-12-07 01:05:49,245 - INFO - [37/408] Procesando: A.W. EDUCATIVA S.R.L.
2025-12-07 01:05:50,307 - INFO - ✓ Actualizado: A.W. EDUCATIVA S.R.L. (ID: 71)
2025-12-07 01:05:50,307 - INFO - [38/408] Procesando: ACONCAGUA TRANSPORTES S R L
2025-12-07 01:05:51,239 - INFO - ✓ Actualizado: ACONCAGUA TRANSPORTES S R L (ID: 72)
2025-12-07 01:05:51,240 - INFO - [39/408] Procesando: ACUÑA IGNACIO CRISTOBAL
2025-12-07 01:05:51,719 - INFO - ✓ Actualizado: ACUÑA IGNACIO CRISTOBAL (ID: 73)
2025-12-07 01:05:51,719 - INFO - [40/408] Procesando: AGIRA S A
2025-12-07 01:05:52,107 - INFO - ✓ Actualizado: AGIRA S A (ID: 74)
2025-12-07 01:05:52,107 - INFO - [41/408] Procesando: ALDEA DE NIÑOS S.R.L
2025-12-07 01:05:52,408 - INFO - ✓ Actualizado: ALDEA DE NIÑOS S.R.L (ID: 75)
2025-12-07 01:05:52,408 - INFO - [42/408] Procesando: ALEJANDRA AGUIAR
2025-12-07 01:05:52,701 - INFO - ✓ Actualizado: ALEJANDRA AGUIAR (ID: 76)
2025-12-07 01:05:52,701 - INFO - [43/408] Procesando: ALEJANDRA LOPEZ
2025-12-07 01:05:53,049 - INFO - ✓ Actualizado: ALEJANDRA LOPEZ (ID: 77)
2025-12-07 01:05:53,049 - INFO - [44/408] Procesando: ALEJANDRO GOMEZ
2025-12-07 01:05:53,367 - INFO - ✓ Actualizado: ALEJANDRO GOMEZ (ID: 78)
2025-12-07 01:05:53,368 - INFO - [45/408] Procesando: ALET AR S A
2025-12-07 01:05:53,672 - INFO - ✓ Actualizado: ALET AR S A (ID: 79)
2025-12-07 01:05:53,673 - INFO - [46/408] Procesando: ALFANO RICARDO RAFAEL
2025-12-07 01:05:54,130 - INFO - ✓ Actualizado: ALFANO RICARDO RAFAEL (ID: 80)
2025-12-07 01:05:54,131 - INFO - [47/408] Procesando: ALIMENTO AMERICANO S.R.L.
2025-12-07 01:05:54,569 - INFO - ✓ Actualizado: ALIMENTO AMERICANO S.R.L. (ID: 81)
2025-12-07 01:05:54,569 - INFO - [48/408] Procesando: ALMIRANTE IRIZAR SA
2025-12-07 01:05:55,034 - INFO - ✓ Actualizado: ALMIRANTE IRIZAR SA (ID: 82)
2025-12-07 01:05:55,034 - INFO - [49/408] Procesando: ALURED S.A.
2025-12-07 01:05:55,450 - INFO - ✓ Actualizado: ALURED S.A. (ID: 83)
2025-12-07 01:05:55,450 - INFO - [50/408] Procesando: ALZOGARAY OSCAR DANIEL Y VILLANEDA  JORGE LUIS SOCIEDAD DE HECHO
2025-12-07 01:05:55,975 - INFO - ✓ Actualizado: ALZOGARAY OSCAR DANIEL Y VILLANEDA  JORGE LUIS SOCIEDAD DE HECHO (ID: 84)
2025-12-07 01:05:55,975 - INFO - [51/408] Procesando: AMERICAN AGRO SRL
2025-12-07 01:05:56,372 - INFO - ✓ Actualizado: AMERICAN AGRO SRL (ID: 85)
2025-12-07 01:05:56,373 - INFO - [52/408] Procesando: ANDARES EQUIPO S.R.L.
2025-12-07 01:05:56,886 - INFO - ✓ Actualizado: ANDARES EQUIPO S.R.L. (ID: 86)
2025-12-07 01:05:56,886 - INFO - [53/408] Procesando: ANDEAN ROADS S R L
2025-12-07 01:05:57,189 - INFO - ✓ Actualizado: ANDEAN ROADS S R L (ID: 87)
2025-12-07 01:05:57,190 - INFO - [54/408] Procesando: ANDES ENERGY S.A
2025-12-07 01:05:57,518 - INFO - ✓ Actualizado: ANDES ENERGY S.A (ID: 88)
2025-12-07 01:05:57,519 - INFO - [55/408] Procesando: ARMESTO MARIA EUGENIA
2025-12-07 01:05:57,856 - INFO - ✓ Actualizado: ARMESTO MARIA EUGENIA (ID: 89)
2025-12-07 01:05:57,856 - INFO - [56/408] Procesando: ARNEG ARGENTINA S.A.
2025-12-07 01:05:58,264 - INFO - ✓ Actualizado: ARNEG ARGENTINA S.A. (ID: 90)
2025-12-07 01:05:58,265 - INFO - [57/408] Procesando: ASOC.COOPERADORA DEL HOSPITAL ZONAL GENERAL DE AGUDOS MAGDALENA V.DE MARTINEZ DE GRAL.PACHECO
2025-12-07 01:05:58,563 - INFO - ✓ Actualizado: ASOC.COOPERADORA DEL HOSPITAL ZONAL GENERAL DE AGUDOS MAGDALENA V.DE MARTINEZ DE GRAL.PACHECO (ID: 91)
2025-12-07 01:05:58,563 - INFO - [58/408] Procesando: ASOCIACION COOPERADORA AMIGOS DEL JARDIN 903
2025-12-07 01:05:59,014 - INFO - ✓ Actualizado: ASOCIACION COOPERADORA AMIGOS DEL JARDIN 903 (ID: 92)
2025-12-07 01:05:59,014 - INFO - [59/408] Procesando: ASOCIACION COOPERADORA CFP 402 TIGRE
2025-12-07 01:05:59,520 - INFO - ✓ Actualizado: ASOCIACION COOPERADORA CFP 402 TIGRE (ID: 93)
2025-12-07 01:05:59,521 - INFO - [60/408] Procesando: ASOCIACION COOPERADORA DE LA ESCUELA DE EDUCACION TECNICA N 2 DEL DISTRITO DE TIGRE
2025-12-07 01:05:59,848 - INFO - ✓ Actualizado: ASOCIACION COOPERADORA DE LA ESCUELA DE EDUCACION TECNICA N 2 DEL DISTRITO DE TIGRE (ID: 94)
2025-12-07 01:05:59,848 - INFO - [61/408] Procesando: ASOCIACION COOPERADORA ESCOLAR ESCUELA DE EDUCACION PRIMARIA 24
2025-12-07 01:06:00,247 - INFO - ✓ Actualizado: ASOCIACION COOPERADORA ESCOLAR ESCUELA DE EDUCACION PRIMARIA 24 (ID: 95)
2025-12-07 01:06:00,247 - INFO - [62/408] Procesando: ASOCIACION COOPERADORA JARDIN DE INFANTES N° 920
2025-12-07 01:06:00,541 - INFO - ✓ Actualizado: ASOCIACION COOPERADORA JARDIN DE INFANTES N° 920 (ID: 96)
2025-12-07 01:06:00,541 - INFO - [63/408] Procesando: ASOCIACION COOPERADORA JARDIN DE INFANTES N°940 DEL DISTRITO
2025-12-07 01:06:00,833 - INFO - ✓ Actualizado: ASOCIACION COOPERADORA JARDIN DE INFANTES N°940 DEL DISTRITO (ID: 97)
2025-12-07 01:06:00,833 - INFO - [64/408] Procesando: ASOCIACION COOPERADORA PARA EL DEPORTE MUNICIPAL DE TIGRE
2025-12-07 01:06:01,284 - INFO - ✓ Actualizado: ASOCIACION COOPERADORA PARA EL DEPORTE MUNICIPAL DE TIGRE (ID: 98)
2025-12-07 01:06:01,284 - INFO - [65/408] Procesando: ASOCIACION DE FOMENTO Y CLUB SOCIAL DE GENERAL PACHECO
2025-12-07 01:06:01,594 - INFO - ✓ Actualizado: ASOCIACION DE FOMENTO Y CLUB SOCIAL DE GENERAL PACHECO (ID: 99)
2025-12-07 01:06:01,594 - INFO - [66/408] Procesando: ASOCIACION DE TRABAJADORES MUNICIPALES DE TIGRE
2025-12-07 01:06:05,420 - INFO - ✓ Actualizado: ASOCIACION DE TRABAJADORES MUNICIPALES DE TIGRE (ID: 100)
2025-12-07 01:06:05,421 - INFO - [67/408] Procesando: AUDITECH S.R.L
2025-12-07 01:06:05,880 - INFO - ✓ Actualizado: AUDITECH S.R.L (ID: 101)
2025-12-07 01:06:05,880 - INFO - [68/408] Procesando: AUTOELEVADORES SILCAR S R L
2025-12-07 01:06:06,364 - INFO - ✓ Actualizado: AUTOELEVADORES SILCAR S R L (ID: 102)
2025-12-07 01:06:06,365 - INFO - [69/408] Procesando: AX SISTEMAS Y SERVICIOS S.A.
2025-12-07 01:06:06,755 - INFO - ✓ Actualizado: AX SISTEMAS Y SERVICIOS S.A. (ID: 103)
2025-12-07 01:06:06,755 - INFO - [70/408] Procesando: Alberto Miño (Scorpion)  +54 9 11 5017-1084
2025-12-07 01:06:07,061 - INFO - ✓ Actualizado: Alberto Miño (Scorpion)  +54 9 11 5017-1084 (ID: 104)
2025-12-07 01:06:07,062 - INFO - [71/408] Procesando: Ariel Sciuto
2025-12-07 01:06:07,279 - INFO - ✓ Actualizado: Ariel Sciuto (ID: 105)
2025-12-07 01:06:07,280 - INFO - [72/408] Procesando: Armando Lorenzo Peralta Cersso
2025-12-07 01:06:07,579 - INFO - ✓ Actualizado: Armando Lorenzo Peralta Cersso (ID: 106)
2025-12-07 01:06:07,580 - INFO - [73/408] Procesando: BAJJ
2025-12-07 01:06:07,884 - INFO - ✓ Actualizado: BAJJ (ID: 107)
2025-12-07 01:06:07,884 - INFO - [74/408] Procesando: BARRIONUEVO, VALERO Y ASOCIADOS S.R.L
2025-12-07 01:06:08,193 - INFO - ✓ Actualizado: BARRIONUEVO, VALERO Y ASOCIADOS S.R.L (ID: 108)
2025-12-07 01:06:08,193 - INFO - [75/408] Procesando: BASE4 SECURITY S.A.
2025-12-07 01:06:08,490 - INFO - ✓ Actualizado: BASE4 SECURITY S.A. (ID: 109)
2025-12-07 01:06:08,491 - INFO - [76/408] Procesando: BATALLA MARCELO ENRIQUE
2025-12-07 01:06:08,913 - INFO - ✓ Actualizado: BATALLA MARCELO ENRIQUE (ID: 110)
2025-12-07 01:06:08,913 - INFO - [77/408] Procesando: BAUBER S.A.
2025-12-07 01:06:09,412 - INFO - ✓ Actualizado: BAUBER S.A. (ID: 111)
2025-12-07 01:06:09,412 - INFO - [78/408] Procesando: BECARIA MARIA CONSTANZA
2025-12-07 01:06:09,835 - INFO - ✓ Actualizado: BECARIA MARIA CONSTANZA (ID: 112)
2025-12-07 01:06:09,835 - INFO - [79/408] Procesando: BIBLIOTECA POPULAR Y MUSEO DEL CINE LEONARDO FAVIO
2025-12-07 01:06:10,232 - INFO - ✓ Actualizado: BIBLIOTECA POPULAR Y MUSEO DEL CINE LEONARDO FAVIO (ID: 113)
2025-12-07 01:06:10,232 - INFO - [80/408] Procesando: BIONDI FRANCISCO CESAR
2025-12-07 01:06:10,694 - INFO - ✓ Actualizado: BIONDI FRANCISCO CESAR (ID: 114)
2025-12-07 01:06:10,694 - INFO - [81/408] Procesando: BLATORH GROUP S.R.L.
2025-12-07 01:06:11,204 - INFO - ✓ Actualizado: BLATORH GROUP S.R.L. (ID: 115)
2025-12-07 01:06:11,205 - INFO - [82/408] Procesando: BODY HEALTH S A
2025-12-07 01:06:11,747 - INFO - ✓ Actualizado: BODY HEALTH S A (ID: 116)
2025-12-07 01:06:11,747 - INFO - [83/408] Procesando: BRAVE BROKER S.A
2025-12-07 01:06:12,067 - INFO - ✓ Actualizado: BRAVE BROKER S.A (ID: 117)
2025-12-07 01:06:12,067 - INFO - [84/408] Procesando: BRID CARLOS HORACIO
2025-12-07 01:06:12,655 - INFO - ✓ Actualizado: BRID CARLOS HORACIO (ID: 118)
2025-12-07 01:06:12,656 - INFO - [85/408] Procesando: BRUZONE SANTIAGO OSCAR
2025-12-07 01:06:13,085 - INFO - ✓ Actualizado: BRUZONE SANTIAGO OSCAR (ID: 119)
2025-12-07 01:06:13,085 - INFO - [86/408] Procesando: BULONERA CENTRAL PACHECO S.R.L.
2025-12-07 01:06:13,444 - INFO - ✓ Actualizado: BULONERA CENTRAL PACHECO S.R.L. (ID: 120)
2025-12-07 01:06:13,445 - INFO - [87/408] Procesando: BURKIEWICZ SILVIA BEATRIZ
2025-12-07 01:06:13,904 - INFO - ✓ Actualizado: BURKIEWICZ SILVIA BEATRIZ (ID: 121)
2025-12-07 01:06:13,904 - INFO - [88/408] Procesando: BUSINESS DEVELOPMENT FACILITIES SA
2025-12-07 01:06:14,496 - INFO - ✓ Actualizado: BUSINESS DEVELOPMENT FACILITIES SA (ID: 122)
2025-12-07 01:06:14,496 - INFO - [89/408] Procesando: Brandom Freeman
2025-12-07 01:06:15,221 - INFO - ✓ Actualizado: Brandom Freeman (ID: 123)
2025-12-07 01:06:15,222 - INFO - [90/408] Procesando: Brian Luis Cabrera
2025-12-07 01:06:15,745 - INFO - ✓ Actualizado: Brian Luis Cabrera (ID: 124)
2025-12-07 01:06:15,746 - INFO - [91/408] Procesando: C&E CONSTRUCCIONES S. A.
2025-12-07 01:06:16,183 - INFO - ✓ Actualizado: C&E CONSTRUCCIONES S. A. (ID: 125)
2025-12-07 01:06:16,183 - INFO - [92/408] Procesando: CALDERON MARIANA HAYDEE
2025-12-07 01:06:16,509 - INFO - ✓ Actualizado: CALDERON MARIANA HAYDEE (ID: 126)
2025-12-07 01:06:16,510 - INFO - [93/408] Procesando: CALVIÑO ANDRES
2025-12-07 01:06:16,791 - INFO - ✓ Actualizado: CALVIÑO ANDRES (ID: 127)
2025-12-07 01:06:16,791 - INFO - [94/408] Procesando: CAMEX 2020 ARGENTINA
2025-12-07 01:06:17,219 - INFO - ✓ Actualizado: CAMEX 2020 ARGENTINA (ID: 128)
2025-12-07 01:06:17,219 - INFO - [95/408] Procesando: CANTEROS PABLO SEBASTIAN
2025-12-07 01:06:17,459 - INFO - ✓ Actualizado: CANTEROS PABLO SEBASTIAN (ID: 129)
2025-12-07 01:06:17,460 - INFO - [96/408] Procesando: CANTEROS PABLO SEBASTIAN
2025-12-07 01:06:17,892 - INFO - ✓ Actualizado: CANTEROS PABLO SEBASTIAN (ID: 130)
2025-12-07 01:06:17,892 - INFO - [97/408] Procesando: CAR-IKA SRL
2025-12-07 01:06:18,316 - INFO - ✓ Actualizado: CAR-IKA SRL (ID: 131)
2025-12-07 01:06:18,316 - INFO - [98/408] Procesando: CARABAJAL FERNANDO ADRIAN - TALLER GOLICAR
2025-12-07 01:06:18,779 - INFO - ✓ Actualizado: CARABAJAL FERNANDO ADRIAN - TALLER GOLICAR (ID: 132)
2025-12-07 01:06:18,779 - INFO - [99/408] Procesando: CARACCIOLO GAS S.R.L
2025-12-07 01:06:19,195 - INFO - ✓ Actualizado: CARACCIOLO GAS S.R.L (ID: 133)
2025-12-07 01:06:19,195 - INFO - [100/408] Procesando: CARDANO BAIRICH LUCAS ADRIAN
2025-12-07 01:06:19,567 - INFO - ✓ Actualizado: CARDANO BAIRICH LUCAS ADRIAN (ID: 134)
2025-12-07 01:06:19,568 - INFO - [101/408] Procesando: CARLA
2025-12-07 01:06:19,814 - INFO - ✓ Actualizado: CARLA (ID: 135)
2025-12-07 01:06:19,815 - INFO - [102/408] Procesando: CARLINO MIGUEL ANGEL
2025-12-07 01:06:20,226 - INFO - ✓ Actualizado: CARLINO MIGUEL ANGEL (ID: 136)
2025-12-07 01:06:20,226 - INFO - [103/408] Procesando: CAROLINA PAOLA URDANGARAY
2025-12-07 01:06:20,498 - INFO - ✓ Actualizado: CAROLINA PAOLA URDANGARAY (ID: 137)
2025-12-07 01:06:20,498 - INFO - [104/408] Procesando: CASAL JORGE
2025-12-07 01:06:20,774 - INFO - ✓ Actualizado: CASAL JORGE (ID: 138)
2025-12-07 01:06:20,775 - INFO - [105/408] Procesando: CASTELLANO GABRIELA PAULA
2025-12-07 01:06:21,213 - INFO - ✓ Actualizado: CASTELLANO GABRIELA PAULA (ID: 139)
2025-12-07 01:06:21,213 - INFO - [106/408] Procesando: CASTRO DIEGO MARTIN
2025-12-07 01:06:21,500 - INFO - ✓ Actualizado: CASTRO DIEGO MARTIN (ID: 140)
2025-12-07 01:06:21,501 - INFO - [107/408] Procesando: CENTRO CONSTRUCCIONES S A
2025-12-07 01:06:21,792 - INFO - ✓ Actualizado: CENTRO CONSTRUCCIONES S A (ID: 141)
2025-12-07 01:06:21,793 - INFO - [108/408] Procesando: CENTRO DE ESTUDIOS MUNICIPALES Y AMBIENTALES BONAERENSES COMPROMISO URBANO
2025-12-07 01:06:22,122 - INFO - ✓ Actualizado: CENTRO DE ESTUDIOS MUNICIPALES Y AMBIENTALES BONAERENSES COMPROMISO URBANO (ID: 142)
2025-12-07 01:06:22,123 - INFO - [109/408] Procesando: CHAPERON CARLOS ALBERTO
2025-12-07 01:06:22,396 - INFO - ✓ Actualizado: CHAPERON CARLOS ALBERTO (ID: 143)
2025-12-07 01:06:22,396 - INFO - [110/408] Procesando: CIPOLLA ANTONIO MARCELO
2025-12-07 01:06:22,710 - INFO - ✓ Actualizado: CIPOLLA ANTONIO MARCELO (ID: 144)
2025-12-07 01:06:22,711 - INFO - [111/408] Procesando: COCO BONITA
2025-12-07 01:06:23,000 - INFO - ✓ Actualizado: COCO BONITA (ID: 145)
2025-12-07 01:06:23,000 - INFO - [112/408] Procesando: COLEGIO ARNOLD GESELL S.R.L.
2025-12-07 01:06:23,320 - INFO - ✓ Actualizado: COLEGIO ARNOLD GESELL S.R.L. (ID: 146)
2025-12-07 01:06:23,320 - INFO - [113/408] Procesando: COLEGIO DE FARMACEUTICOS DE LA PROVINCIA DE BUENOS AIRES
2025-12-07 01:06:23,718 - INFO - ✓ Actualizado: COLEGIO DE FARMACEUTICOS DE LA PROVINCIA DE BUENOS AIRES (ID: 147)
2025-12-07 01:06:23,718 - INFO - [114/408] Procesando: COMASA S A
2025-12-07 01:06:24,113 - INFO - ✓ Actualizado: COMASA S A (ID: 148)
2025-12-07 01:06:24,113 - INFO - [115/408] Procesando: COMBUSTIBLES EL CIPRES S.R.L.
2025-12-07 01:06:24,532 - INFO - ✓ Actualizado: COMBUSTIBLES EL CIPRES S.R.L. (ID: 149)
2025-12-07 01:06:24,533 - INFO - [116/408] Procesando: COMERCIAL TUCSON SA
2025-12-07 01:06:24,839 - INFO - ✓ Actualizado: COMERCIAL TUCSON SA (ID: 150)
2025-12-07 01:06:24,840 - INFO - [117/408] Procesando: COMPAÑIA CONSTRUCTORA DE EMBARCACIONES SA
2025-12-07 01:06:25,109 - INFO - ✓ Actualizado: COMPAÑIA CONSTRUCTORA DE EMBARCACIONES SA (ID: 151)
2025-12-07 01:06:25,110 - INFO - [118/408] Procesando: COMPAÑIA GRAFICA REY S.A
2025-12-07 01:06:25,414 - INFO - ✓ Actualizado: COMPAÑIA GRAFICA REY S.A (ID: 152)
2025-12-07 01:06:25,414 - INFO - [119/408] Procesando: COMPAÑIA REFAH DE PACHECO S.R.L
2025-12-07 01:06:25,825 - INFO - ✓ Actualizado: COMPAÑIA REFAH DE PACHECO S.R.L (ID: 153)
2025-12-07 01:06:25,826 - INFO - [120/408] Procesando: CONDOMINIO BIANCHI RODOLFO FERNANDO Y OTROS
2025-12-07 01:06:26,097 - INFO - ✓ Actualizado: CONDOMINIO BIANCHI RODOLFO FERNANDO Y OTROS (ID: 154)
2025-12-07 01:06:26,097 - INFO - [121/408] Procesando: CONSTRUCTORA RAINCO S.R.L.
2025-12-07 01:06:26,371 - INFO - ✓ Actualizado: CONSTRUCTORA RAINCO S.R.L. (ID: 155)
2025-12-07 01:06:26,371 - INFO - [122/408] Procesando: CONTROL PARA LA INDUSTRIA SOCIEDAD ANONIMA
2025-12-07 01:06:26,834 - INFO - ✓ Actualizado: CONTROL PARA LA INDUSTRIA SOCIEDAD ANONIMA (ID: 156)
2025-12-07 01:06:26,835 - INFO - [123/408] Procesando: COOP DE TRABAJO 7 DE MARZO LTDA
2025-12-07 01:06:27,229 - INFO - ✓ Actualizado: COOP DE TRABAJO 7 DE MARZO LTDA (ID: 157)
2025-12-07 01:06:27,229 - INFO - [124/408] Procesando: COOPERATIVA DE TRABAJO "EL SOL" LIMITADA
2025-12-07 01:06:27,500 - INFO - ✓ Actualizado: COOPERATIVA DE TRABAJO "EL SOL" LIMITADA (ID: 158)
2025-12-07 01:06:27,500 - INFO - [125/408] Procesando: COOPERATIVA DE TRABAJO 12 DE JULIO LIMITADA
2025-12-07 01:06:27,841 - INFO - ✓ Actualizado: COOPERATIVA DE TRABAJO 12 DE JULIO LIMITADA (ID: 159)
2025-12-07 01:06:27,842 - INFO - [126/408] Procesando: COOPERATIVA DE TRABAJO CDP -CERRADURAS DE PRECISION- LIMITADA
2025-12-07 01:06:28,110 - INFO - ✓ Actualizado: COOPERATIVA DE TRABAJO CDP -CERRADURAS DE PRECISION- LIMITADA (ID: 160)
2025-12-07 01:06:28,110 - INFO - [127/408] Procesando: COOPERATIVA DE TRABAJO REMANDO LTDA.
2025-12-07 01:06:28,501 - INFO - ✓ Actualizado: COOPERATIVA DE TRABAJO REMANDO LTDA. (ID: 161)
2025-12-07 01:06:28,501 - INFO - [128/408] Procesando: COOPERATIVA DE TRABAJO SAN JORGE LTDA
2025-12-07 01:06:28,799 - INFO - ✓ Actualizado: COOPERATIVA DE TRABAJO SAN JORGE LTDA (ID: 162)
2025-12-07 01:06:28,800 - INFO - [129/408] Procesando: CORBACHO RODRIGO MARTIN
2025-12-07 01:06:29,234 - INFO - ✓ Actualizado: CORBACHO RODRIGO MARTIN (ID: 163)
2025-12-07 01:06:29,234 - INFO - [130/408] Procesando: CORBACHO RUBEN MARCELO
2025-12-07 01:06:29,601 - INFO - ✓ Actualizado: CORBACHO RUBEN MARCELO (ID: 164)
2025-12-07 01:06:29,601 - INFO - [131/408] Procesando: CORENGIA PABLO LUIS
2025-12-07 01:06:30,013 - INFO - ✓ Actualizado: CORENGIA PABLO LUIS (ID: 165)
2025-12-07 01:06:30,013 - INFO - [132/408] Procesando: CRANC S.R.L.
2025-12-07 01:06:30,401 - INFO - ✓ Actualizado: CRANC S.R.L. (ID: 166)
2025-12-07 01:06:30,401 - INFO - [133/408] Procesando: CRISTOFANELLI FABIO ESTEBAN
2025-12-07 01:06:30,798 - INFO - ✓ Actualizado: CRISTOFANELLI FABIO ESTEBAN (ID: 167)
2025-12-07 01:06:30,798 - INFO - [134/408] Procesando: CRUZ SUIZA DE ARGENTINA S.A
2025-12-07 01:06:31,072 - INFO - ✓ Actualizado: CRUZ SUIZA DE ARGENTINA S.A (ID: 168)
2025-12-07 01:06:31,072 - INFO - [135/408] Procesando: CUERDA BARBARA LUCIANA
2025-12-07 01:06:31,482 - INFO - ✓ Actualizado: CUERDA BARBARA LUCIANA (ID: 169)
2025-12-07 01:06:31,483 - INFO - [136/408] Procesando: Consumidor Final Anónimo
2025-12-07 01:06:32,217 - INFO - ✓ Creado: Consumidor Final Anónimo (ID: 443)
2025-12-07 01:06:32,217 - INFO - [137/408] Procesando: DA SILVA PARREIRA DARIO ARMANDO
2025-12-07 01:06:32,527 - INFO - ✓ Actualizado: DA SILVA PARREIRA DARIO ARMANDO (ID: 171)
2025-12-07 01:06:32,527 - INFO - [138/408] Procesando: DALINGER CLARISA MABEL
2025-12-07 01:06:32,806 - INFO - ✓ Actualizado: DALINGER CLARISA MABEL (ID: 172)
2025-12-07 01:06:32,807 - INFO - [139/408] Procesando: DANJO SA
2025-12-07 01:06:33,074 - INFO - ✓ Actualizado: DANJO SA (ID: 173)
2025-12-07 01:06:33,075 - INFO - [140/408] Procesando: DECO NOBELTY SA
2025-12-07 01:06:33,509 - INFO - ✓ Actualizado: DECO NOBELTY SA (ID: 174)
2025-12-07 01:06:33,509 - INFO - [141/408] Procesando: DEL BRUTTO DAVID GASTON
2025-12-07 01:06:33,781 - INFO - ✓ Actualizado: DEL BRUTTO DAVID GASTON (ID: 175)
2025-12-07 01:06:33,781 - INFO - [142/408] Procesando: DI FELICE IMAGENES S.R.L
2025-12-07 01:06:34,048 - INFO - ✓ Actualizado: DI FELICE IMAGENES S.R.L (ID: 176)
2025-12-07 01:06:34,048 - INFO - [143/408] Procesando: DIANTONIO JESICA SOLEDAD
2025-12-07 01:06:34,625 - INFO - ✓ Actualizado: DIANTONIO JESICA SOLEDAD (ID: 177)
2025-12-07 01:06:34,626 - INFO - [144/408] Procesando: DIAZ CARINA MARIANELA
2025-12-07 01:06:34,932 - INFO - ✓ Actualizado: DIAZ CARINA MARIANELA (ID: 178)
2025-12-07 01:06:34,932 - INFO - [145/408] Procesando: DIRECCION GENERAL DE CULTURA Y EDUCACION DE LA PROVINCIA DE BS AS
2025-12-07 01:06:35,325 - INFO - ✓ Actualizado: DIRECCION GENERAL DE CULTURA Y EDUCACION DE LA PROVINCIA DE BS AS (ID: 179)
2025-12-07 01:06:35,326 - INFO - [146/408] Procesando: DISEÑOS Y ABERTURAS MORAS SA
2025-12-07 01:06:35,767 - INFO - ✓ Actualizado: DISEÑOS Y ABERTURAS MORAS SA (ID: 180)
2025-12-07 01:06:35,767 - INFO - [147/408] Procesando: DISTRIBUIDORA SERVIMAR S R L
2025-12-07 01:06:36,042 - INFO - ✓ Actualizado: DISTRIBUIDORA SERVIMAR S R L (ID: 181)
2025-12-07 01:06:36,042 - INFO - [148/408] Procesando: DOBLANIC SRL
2025-12-07 01:06:36,317 - INFO - ✓ Actualizado: DOBLANIC SRL (ID: 182)
2025-12-07 01:06:36,317 - INFO - [149/408] Procesando: DUCATI ENERGIA SUD AMERICA S.A.
2025-12-07 01:06:36,600 - INFO - ✓ Actualizado: DUCATI ENERGIA SUD AMERICA S.A. (ID: 183)
2025-12-07 01:06:36,600 - INFO - [150/408] Procesando: DUSEN SRL
2025-12-07 01:06:36,935 - INFO - ✓ Actualizado: DUSEN SRL (ID: 184)
2025-12-07 01:06:36,936 - INFO - [151/408] Procesando: EAT S A
2025-12-07 01:06:37,206 - INFO - ✓ Actualizado: EAT S A (ID: 185)
2025-12-07 01:06:37,207 - INFO - [152/408] Procesando: ECOPLATING S.R.L.
2025-12-07 01:06:37,473 - INFO - ✓ Actualizado: ECOPLATING S.R.L. (ID: 186)
2025-12-07 01:06:37,473 - INFO - [153/408] Procesando: ECOVIDA S A
2025-12-07 01:06:37,864 - INFO - ✓ Actualizado: ECOVIDA S A (ID: 187)
2025-12-07 01:06:37,865 - INFO - [154/408] Procesando: EEP S.A
2025-12-07 01:06:38,168 - INFO - ✓ Actualizado: EEP S.A (ID: 188)
2025-12-07 01:06:38,168 - INFO - [155/408] Procesando: EL CHALET CLINICA PRIVADA DE SALUD MENTAL S.R.L
2025-12-07 01:06:38,466 - INFO - ✓ Actualizado: EL CHALET CLINICA PRIVADA DE SALUD MENTAL S.R.L (ID: 189)
2025-12-07 01:06:38,466 - INFO - [156/408] Procesando: EL TACU PACHECO S. R. L.
2025-12-07 01:06:38,924 - INFO - ✓ Actualizado: EL TACU PACHECO S. R. L. (ID: 190)
2025-12-07 01:06:38,924 - INFO - [157/408] Procesando: ELECTRO SCOLLO SRL
2025-12-07 01:06:39,559 - INFO - ✓ Actualizado: ELECTRO SCOLLO SRL (ID: 191)
2025-12-07 01:06:39,560 - INFO - [158/408] Procesando: ENCOPRESS SA
2025-12-07 01:06:39,929 - INFO - ✓ Actualizado: ENCOPRESS SA (ID: 192)
2025-12-07 01:06:39,930 - INFO - [159/408] Procesando: ENOBRA S A
2025-12-07 01:06:40,313 - INFO - ✓ Actualizado: ENOBRA S A (ID: 193)
2025-12-07 01:06:40,314 - INFO - [160/408] Procesando: ERNESTO DOWLING SRL
2025-12-07 01:06:40,653 - INFO - ✓ Actualizado: ERNESTO DOWLING SRL (ID: 194)
2025-12-07 01:06:40,654 - INFO - [161/408] Procesando: ESCALERA QUIROZ EDGAR
2025-12-07 01:06:40,989 - INFO - ✓ Actualizado: ESCALERA QUIROZ EDGAR (ID: 195)
2025-12-07 01:06:40,990 - INFO - [162/408] Procesando: ESQUIVEL SANDRA MARCELA
2025-12-07 01:06:41,553 - INFO - ✓ Actualizado: ESQUIVEL SANDRA MARCELA (ID: 196)
2025-12-07 01:06:41,553 - INFO - [163/408] Procesando: ESTABLECIMIENTOS METALURGICOS HERRAMETAL S A
2025-12-07 01:06:41,879 - INFO - ✓ Actualizado: ESTABLECIMIENTOS METALURGICOS HERRAMETAL S A (ID: 197)
2025-12-07 01:06:41,879 - INFO - [164/408] Procesando: ESTACION PATAGONIA SRL
2025-12-07 01:06:42,164 - INFO - ✓ Actualizado: ESTACION PATAGONIA SRL (ID: 198)
2025-12-07 01:06:42,164 - INFO - [165/408] Procesando: ESTADO MAYOR GENERAL DE LA ARMADA
2025-12-07 01:06:42,593 - INFO - ✓ Actualizado: ESTADO MAYOR GENERAL DE LA ARMADA (ID: 199)
2025-12-07 01:06:42,594 - INFO - [166/408] Procesando: ESTUDIO CONTABLE HORMECHE MARIO LUIS Y ASOCIADOS S.R.L
2025-12-07 01:06:42,979 - INFO - ✓ Actualizado: ESTUDIO CONTABLE HORMECHE MARIO LUIS Y ASOCIADOS S.R.L (ID: 200)
2025-12-07 01:06:42,979 - INFO - [167/408] Procesando: EUGENIA N. PASINA Y JAVIER D EVA SOCIEDAD DE HECHO
2025-12-07 01:06:43,266 - INFO - ✓ Actualizado: EUGENIA N. PASINA Y JAVIER D EVA SOCIEDAD DE HECHO (ID: 201)
2025-12-07 01:06:43,267 - INFO - [168/408] Procesando: Escuela PRIMARIA Nº54 - CUE 61316000
2025-12-07 01:06:43,745 - INFO - ✓ Actualizado: Escuela PRIMARIA Nº54 - CUE 61316000 (ID: 202)
2025-12-07 01:06:43,746 - INFO - [169/408] Procesando: FABULINUS BERNI S.R.L.
2025-12-07 01:06:44,197 - INFO - ✓ Actualizado: FABULINUS BERNI S.R.L. (ID: 203)
2025-12-07 01:06:44,197 - INFO - [170/408] Procesando: FARINA OSCAR MARTIN
2025-12-07 01:06:44,831 - INFO - ✓ Actualizado: FARINA OSCAR MARTIN (ID: 204)
2025-12-07 01:06:44,831 - INFO - [171/408] Procesando: FERNANDEZ BALDO ALINA
2025-12-07 01:06:45,418 - INFO - ✓ Actualizado: FERNANDEZ BALDO ALINA (ID: 205)
2025-12-07 01:06:45,418 - INFO - [172/408] Procesando: FERNANDEZ FEDERICO EZEQUIEL
2025-12-07 01:06:46,079 - INFO - ✓ Actualizado: FERNANDEZ FEDERICO EZEQUIEL (ID: 206)
2025-12-07 01:06:46,079 - INFO - [173/408] Procesando: FIBERCO S.R.L
2025-12-07 01:06:46,359 - INFO - ✓ Actualizado: FIBERCO S.R.L (ID: 207)
2025-12-07 01:06:46,359 - INFO - [174/408] Procesando: FIDEICOMISO GRUPO VOU
2025-12-07 01:06:46,747 - INFO - ✓ Actualizado: FIDEICOMISO GRUPO VOU (ID: 208)
2025-12-07 01:06:46,748 - INFO - [175/408] Procesando: FLEET S. A.
2025-12-07 01:06:47,038 - INFO - ✓ Actualizado: FLEET S. A. (ID: 209)
2025-12-07 01:06:47,039 - INFO - [176/408] Procesando: FUNARO BRUNO
2025-12-07 01:06:47,391 - INFO - ✓ Actualizado: FUNARO BRUNO (ID: 210)
2025-12-07 01:06:47,392 - INFO - [177/408] Procesando: GALIANA VERONICA ANDREA
2025-12-07 01:06:47,667 - INFO - ✓ Actualizado: GALIANA VERONICA ANDREA (ID: 211)
2025-12-07 01:06:47,667 - INFO - [178/408] Procesando: GARCIA FERNANDO RAFAEL
2025-12-07 01:06:47,939 - INFO - ✓ Actualizado: GARCIA FERNANDO RAFAEL (ID: 212)
2025-12-07 01:06:47,939 - INFO - [179/408] Procesando: GARCIA MANSILLA HORACIO
2025-12-07 01:06:48,222 - INFO - ✓ Actualizado: GARCIA MANSILLA HORACIO (ID: 213)
2025-12-07 01:06:48,222 - INFO - [180/408] Procesando: GBA M6 S.A.
2025-12-07 01:06:48,542 - INFO - ✓ Actualizado: GBA M6 S.A. (ID: 214)
2025-12-07 01:06:48,542 - INFO - [181/408] Procesando: GCR SA
2025-12-07 01:06:48,891 - INFO - ✓ Actualizado: GCR SA (ID: 215)
2025-12-07 01:06:48,891 - INFO - [182/408] Procesando: GENERAL PACHECO SOCIEDAD EN C SIMPLE
2025-12-07 01:06:49,291 - INFO - ✓ Actualizado: GENERAL PACHECO SOCIEDAD EN C SIMPLE (ID: 216)
2025-12-07 01:06:49,291 - INFO - [183/408] Procesando: GHIORZO LEANDRO CARLOS
2025-12-07 01:06:49,856 - INFO - ✓ Actualizado: GHIORZO LEANDRO CARLOS (ID: 217)
2025-12-07 01:06:49,857 - INFO - [184/408] Procesando: GIANNINO CRISTINA MARIA
2025-12-07 01:06:50,129 - INFO - ✓ Actualizado: GIANNINO CRISTINA MARIA (ID: 218)
2025-12-07 01:06:50,129 - INFO - [185/408] Procesando: GIMENEZ DANIELA VIVIANA
2025-12-07 01:06:50,349 - INFO - ✓ Actualizado: GIMENEZ DANIELA VIVIANA (ID: 219)
2025-12-07 01:06:50,350 - INFO - [186/408] Procesando: GIMENEZ DANIELA VIVIANA
2025-12-07 01:06:50,673 - INFO - ✓ Actualizado: GIMENEZ DANIELA VIVIANA (ID: 220)
2025-12-07 01:06:50,673 - INFO - [187/408] Procesando: GLOBAL MUEBLES SOCIEDAD DE RESPONSABILIDAD LIMITADA
2025-12-07 01:06:50,947 - INFO - ✓ Actualizado: GLOBAL MUEBLES SOCIEDAD DE RESPONSABILIDAD LIMITADA (ID: 221)
2025-12-07 01:06:50,948 - INFO - [188/408] Procesando: GODOY MARTINEZ PATRICIO
2025-12-07 01:06:51,300 - INFO - ✓ Actualizado: GODOY MARTINEZ PATRICIO (ID: 222)
2025-12-07 01:06:51,301 - INFO - [189/408] Procesando: GOMEZ ADRIANA ESTER
2025-12-07 01:06:51,782 - INFO - ✓ Actualizado: GOMEZ ADRIANA ESTER (ID: 223)
2025-12-07 01:06:51,782 - INFO - [190/408] Procesando: GOTTERT S.A
2025-12-07 01:06:52,059 - INFO - ✓ Actualizado: GOTTERT S.A (ID: 224)
2025-12-07 01:06:52,059 - INFO - [191/408] Procesando: GRAZIANI CECILIA ALEJANDRA
2025-12-07 01:06:52,453 - INFO - ✓ Actualizado: GRAZIANI CECILIA ALEJANDRA (ID: 225)
2025-12-07 01:06:52,453 - INFO - [192/408] Procesando: GRUPO MONTENEGRO S.R.L.
2025-12-07 01:06:52,877 - INFO - ✓ Actualizado: GRUPO MONTENEGRO S.R.L. (ID: 226)
2025-12-07 01:06:52,878 - INFO - [193/408] Procesando: Gastón Caranti +54 9 11 5176-5060
2025-12-07 01:06:53,087 - INFO - ✓ Actualizado: Gastón Caranti +54 9 11 5176-5060 (ID: 227)
2025-12-07 01:06:53,087 - INFO - [194/408] Procesando: HAFELE ARGENTINA S. A.
2025-12-07 01:06:53,492 - INFO - ✓ Actualizado: HAFELE ARGENTINA S. A. (ID: 228)
2025-12-07 01:06:53,492 - INFO - [195/408] Procesando: HENNING JUAN FEDERICO
2025-12-07 01:06:53,883 - INFO - ✓ Actualizado: HENNING JUAN FEDERICO (ID: 229)
2025-12-07 01:06:53,883 - INFO - [196/408] Procesando: HERRERA MARCELO JAVIER
2025-12-07 01:06:54,211 - INFO - ✓ Actualizado: HERRERA MARCELO JAVIER (ID: 230)
2025-12-07 01:06:54,211 - INFO - [197/408] Procesando: HOSPITAL MAGDALENA V DE MARTINEZ DE PACHECO
2025-12-07 01:06:54,455 - INFO - ✓ Actualizado: HOSPITAL MAGDALENA V DE MARTINEZ DE PACHECO (ID: 231)
2025-12-07 01:06:54,456 - INFO - [198/408] Procesando: HUANCA HERRERA MARY
2025-12-07 01:06:54,905 - INFO - ✓ Actualizado: HUANCA HERRERA MARY (ID: 232)
2025-12-07 01:06:54,905 - INFO - [199/408] Procesando: ICE CREAM S R L
2025-12-07 01:06:55,220 - INFO - ✓ Actualizado: ICE CREAM S R L (ID: 233)
2025-12-07 01:06:55,220 - INFO - [200/408] Procesando: IGLESIA EVANGELICA CRISTIANA EL SEMBRADOR
2025-12-07 01:06:55,496 - INFO - ✓ Actualizado: IGLESIA EVANGELICA CRISTIANA EL SEMBRADOR (ID: 234)
2025-12-07 01:06:55,497 - INFO - [201/408] Procesando: ILUBAIRES S A
2025-12-07 01:06:55,779 - INFO - ✓ Actualizado: ILUBAIRES S A (ID: 235)
2025-12-07 01:06:55,780 - INFO - [202/408] Procesando: INCICCO GRACIELA
2025-12-07 01:06:56,067 - INFO - ✓ Actualizado: INCICCO GRACIELA (ID: 236)
2025-12-07 01:06:56,067 - INFO - [203/408] Procesando: INNOCENZI CARLOS ALBERTO
2025-12-07 01:06:56,494 - INFO - ✓ Actualizado: INNOCENZI CARLOS ALBERTO (ID: 237)
2025-12-07 01:06:56,494 - INFO - [204/408] Procesando: INSTITUTO DE INVESTIGACIONES CIENTIFICAS Y TECNICAS PARA LA DEFENSA
2025-12-07 01:06:56,879 - INFO - ✓ Actualizado: INSTITUTO DE INVESTIGACIONES CIENTIFICAS Y TECNICAS PARA LA DEFENSA (ID: 238)
2025-12-07 01:06:56,880 - INFO - [205/408] Procesando: INTEGRAL STETIC
2025-12-07 01:06:57,329 - INFO - ✓ Actualizado: INTEGRAL STETIC (ID: 239)
2025-12-07 01:06:57,329 - INFO - [206/408] Procesando: INVENIO INGENIERIA SRL
2025-12-07 01:06:57,799 - INFO - ✓ Actualizado: INVENIO INGENIERIA SRL (ID: 240)
2025-12-07 01:06:57,800 - INFO - [207/408] Procesando: INVERTECNICA INDUSTRIAL
2025-12-07 01:06:58,324 - INFO - ✓ Actualizado: INVERTECNICA INDUSTRIAL (ID: 241)
2025-12-07 01:06:58,324 - INFO - [208/408] Procesando: IVAN Grafica Pacheco
2025-12-07 01:06:58,758 - INFO - ✓ Actualizado: IVAN Grafica Pacheco (ID: 242)
2025-12-07 01:06:58,759 - INFO - [209/408] Procesando: J & B SOLUTIONS SA
2025-12-07 01:06:59,102 - INFO - ✓ Actualizado: J & B SOLUTIONS SA (ID: 243)
2025-12-07 01:06:59,102 - INFO - [210/408] Procesando: JARDIN 903
2025-12-07 01:06:59,522 - INFO - ✓ Actualizado: JARDIN 903 (ID: 244)
2025-12-07 01:06:59,522 - INFO - [211/408] Procesando: JUAREZ OMAR HECTOR
2025-12-07 01:07:00,066 - INFO - ✓ Actualizado: JUAREZ OMAR HECTOR (ID: 245)
2025-12-07 01:07:00,066 - INFO - [212/408] Procesando: JUEGOS NATURALES SRL
2025-12-07 01:07:00,340 - INFO - ✓ Actualizado: JUEGOS NATURALES SRL (ID: 246)
2025-12-07 01:07:00,340 - INFO - [213/408] Procesando: KALUDA Y COMPANIA SOCIEDAD ANONIMA
2025-12-07 01:07:00,734 - INFO - ✓ Actualizado: KALUDA Y COMPANIA SOCIEDAD ANONIMA (ID: 247)
2025-12-07 01:07:00,735 - INFO - [214/408] Procesando: KENIKENKEN S.A
2025-12-07 01:07:01,048 - INFO - ✓ Actualizado: KENIKENKEN S.A (ID: 248)
2025-12-07 01:07:01,049 - INFO - [215/408] Procesando: KINIEN S.A.
2025-12-07 01:07:01,319 - INFO - ✓ Actualizado: KINIEN S.A. (ID: 249)
2025-12-07 01:07:01,320 - INFO - [216/408] Procesando: KLAZ ARGENTINA SRL
2025-12-07 01:07:01,595 - INFO - ✓ Actualizado: KLAZ ARGENTINA SRL (ID: 250)
2025-12-07 01:07:01,595 - INFO - [217/408] Procesando: LAGUNITAS S.A.
2025-12-07 01:07:01,891 - INFO - ✓ Actualizado: LAGUNITAS S.A. (ID: 251)
2025-12-07 01:07:01,891 - INFO - [218/408] Procesando: LEANDRO
2025-12-07 01:07:02,123 - INFO - ✓ Actualizado: LEANDRO (ID: 252)
2025-12-07 01:07:02,124 - INFO - [219/408] Procesando: LEIVA RUBEN MARCELO
2025-12-07 01:07:02,402 - INFO - ✓ Actualizado: LEIVA RUBEN MARCELO (ID: 253)
2025-12-07 01:07:02,402 - INFO - [220/408] Procesando: LLUI ELENA Y MARIA EUGENIA MOSMANN S. CAP I SECC IV
2025-12-07 01:07:02,852 - INFO - ✓ Actualizado: LLUI ELENA Y MARIA EUGENIA MOSMANN S. CAP I SECC IV (ID: 254)
2025-12-07 01:07:02,852 - INFO - [221/408] Procesando: LOGISTICA ALIMENTARIA SA
2025-12-07 01:07:03,285 - INFO - ✓ Actualizado: LOGISTICA ALIMENTARIA SA (ID: 255)
2025-12-07 01:07:03,285 - INFO - [222/408] Procesando: LOPEZ CLAUDIO MANUEL
2025-12-07 01:07:03,567 - INFO - ✓ Actualizado: LOPEZ CLAUDIO MANUEL (ID: 256)
2025-12-07 01:07:03,567 - INFO - [223/408] Procesando: LOPEZ MONICA GRACIELA
2025-12-07 01:07:03,969 - INFO - ✓ Actualizado: LOPEZ MONICA GRACIELA (ID: 257)
2025-12-07 01:07:03,970 - INFO - [224/408] Procesando: LOPEZ ROSA MARIA
2025-12-07 01:07:04,297 - INFO - ✓ Actualizado: LOPEZ ROSA MARIA (ID: 258)
2025-12-07 01:07:04,298 - INFO - [225/408] Procesando: Lautaro Bentolilla
2025-12-07 01:07:04,665 - INFO - ✓ Actualizado: Lautaro Bentolilla (ID: 259)
2025-12-07 01:07:04,665 - INFO - [226/408] Procesando: Leandro Blas
2025-12-07 01:07:05,046 - INFO - ✓ Actualizado: Leandro Blas (ID: 260)
2025-12-07 01:07:05,047 - INFO - [227/408] Procesando: Lorena +5491165513090
2025-12-07 01:07:05,250 - INFO - ✓ Actualizado: Lorena +5491165513090 (ID: 261)
2025-12-07 01:07:05,250 - INFO - [228/408] Procesando: Luciano Ariel Aguirre
2025-12-07 01:07:05,676 - INFO - ✓ Actualizado: Luciano Ariel Aguirre (ID: 262)
2025-12-07 01:07:05,676 - INFO - [229/408] Procesando: M.E.C.H.P. S.R.L.
2025-12-07 01:07:06,070 - INFO - ✓ Actualizado: M.E.C.H.P. S.R.L. (ID: 263)
2025-12-07 01:07:06,070 - INFO - [230/408] Procesando: M.E.C.H.P. SRL - MUNDO FUTBOL S.A. U. T. E.
2025-12-07 01:07:06,492 - INFO - ✓ Actualizado: M.E.C.H.P. SRL - MUNDO FUTBOL S.A. U. T. E. (ID: 264)
2025-12-07 01:07:06,493 - INFO - [231/408] Procesando: MANZANARES DOLORES
2025-12-07 01:07:06,768 - INFO - ✓ Actualizado: MANZANARES DOLORES (ID: 265)
2025-12-07 01:07:06,769 - INFO - [232/408] Procesando: MARCOS MARIA FLORENCIA
2025-12-07 01:07:07,048 - INFO - ✓ Actualizado: MARCOS MARIA FLORENCIA (ID: 266)
2025-12-07 01:07:07,048 - INFO - [233/408] Procesando: MARISTANY ENRIQUE RAUL
2025-12-07 01:07:07,461 - INFO - ✓ Actualizado: MARISTANY ENRIQUE RAUL (ID: 267)
2025-12-07 01:07:07,461 - INFO - [234/408] Procesando: MARJUATOR SRL
2025-12-07 01:07:07,888 - INFO - ✓ Actualizado: MARJUATOR SRL (ID: 268)
2025-12-07 01:07:07,888 - INFO - [235/408] Procesando: MARQUEZ SERGIO DANIEL
2025-12-07 01:07:08,282 - INFO - ✓ Actualizado: MARQUEZ SERGIO DANIEL (ID: 269)
2025-12-07 01:07:08,283 - INFO - [236/408] Procesando: MARTIN SHIPPING & CO. S.A.
2025-12-07 01:07:08,556 - INFO - ✓ Actualizado: MARTIN SHIPPING & CO. S.A. (ID: 270)
2025-12-07 01:07:08,556 - INFO - [237/408] Procesando: MARTINEZ DE HOZ FABIANA DEL VALLE
2025-12-07 01:07:08,879 - INFO - ✓ Actualizado: MARTINEZ DE HOZ FABIANA DEL VALLE (ID: 271)
2025-12-07 01:07:08,879 - INFO - [238/408] Procesando: MARTINEZ JAVIER SANTIAGO
2025-12-07 01:07:09,145 - INFO - ✓ Actualizado: MARTINEZ JAVIER SANTIAGO (ID: 272)
2025-12-07 01:07:09,145 - INFO - [239/408] Procesando: MASCITTI IVAN LEONEL
2025-12-07 01:07:09,442 - INFO - ✓ Actualizado: MASCITTI IVAN LEONEL (ID: 273)
2025-12-07 01:07:09,443 - INFO - [240/408] Procesando: MASIELLO JORGE ALBERTO
2025-12-07 01:07:09,982 - INFO - ✓ Actualizado: MASIELLO JORGE ALBERTO (ID: 274)
2025-12-07 01:07:09,982 - INFO - [241/408] Procesando: MASTROCOLA JUAN PABLO
2025-12-07 01:07:10,377 - INFO - ✓ Actualizado: MASTROCOLA JUAN PABLO (ID: 275)
2025-12-07 01:07:10,377 - INFO - [242/408] Procesando: MATIAS AGUSTIN BALDINI
2025-12-07 01:07:10,760 - INFO - ✓ Actualizado: MATIAS AGUSTIN BALDINI (ID: 276)
2025-12-07 01:07:10,760 - INFO - [243/408] Procesando: MAURI MARINA BEATRIZ
2025-12-07 01:07:11,064 - INFO - ✓ Actualizado: MAURI MARINA BEATRIZ (ID: 277)
2025-12-07 01:07:11,064 - INFO - [244/408] Procesando: MAURINO ALEJANDRA SILVIA
2025-12-07 01:07:11,327 - INFO - ✓ Actualizado: MAURINO ALEJANDRA SILVIA (ID: 278)
2025-12-07 01:07:11,327 - INFO - [245/408] Procesando: MAXI Grafica Pacheco
2025-12-07 01:07:11,574 - INFO - ✓ Actualizado: MAXI Grafica Pacheco (ID: 279)
2025-12-07 01:07:11,574 - INFO - [246/408] Procesando: MAXICONSUMO S A
2025-12-07 01:07:11,844 - INFO - ✓ Actualizado: MAXICONSUMO S A (ID: 280)
2025-12-07 01:07:11,845 - INFO - [247/408] Procesando: MAZZA JOSE
2025-12-07 01:07:12,300 - INFO - ✓ Actualizado: MAZZA JOSE (ID: 281)
2025-12-07 01:07:12,300 - INFO - [248/408] Procesando: MAZZA MAXIMILIANO NICOLAS
2025-12-07 01:07:12,580 - INFO - ✓ Actualizado: MAZZA MAXIMILIANO NICOLAS (ID: 282)
2025-12-07 01:07:12,580 - INFO - [249/408] Procesando: MCO CONSTRUCCIONES S.R.L.
2025-12-07 01:07:12,968 - INFO - ✓ Actualizado: MCO CONSTRUCCIONES S.R.L. (ID: 283)
2025-12-07 01:07:12,968 - INFO - [250/408] Procesando: MECANIZADOS PRIMEC S.R.L.
2025-12-07 01:07:13,257 - INFO - ✓ Actualizado: MECANIZADOS PRIMEC S.R.L. (ID: 284)
2025-12-07 01:07:13,257 - INFO - [251/408] Procesando: MEDEIRA JULIO CESAR
2025-12-07 01:07:13,685 - INFO - ✓ Actualizado: MEDEIRA JULIO CESAR (ID: 285)
2025-12-07 01:07:13,685 - INFO - [252/408] Procesando: MEIER NESTOR OSVALDO
2025-12-07 01:07:14,066 - INFO - ✓ Actualizado: MEIER NESTOR OSVALDO (ID: 286)
2025-12-07 01:07:14,066 - INFO - [253/408] Procesando: MELANIE DEL ROSARIO GUERRERO
2025-12-07 01:07:14,371 - INFO - ✓ Actualizado: MELANIE DEL ROSARIO GUERRERO (ID: 287)
2025-12-07 01:07:14,371 - INFO - [254/408] Procesando: MENDEZ ACOSTA CARLOS ANDRES
2025-12-07 01:07:14,804 - INFO - ✓ Actualizado: MENDEZ ACOSTA CARLOS ANDRES (ID: 288)
2025-12-07 01:07:14,804 - INFO - [255/408] Procesando: MENDEZ CLAUDIO OSCAR
2025-12-07 01:07:15,077 - INFO - ✓ Actualizado: MENDEZ CLAUDIO OSCAR (ID: 289)
2025-12-07 01:07:15,077 - INFO - [256/408] Procesando: MER PLAST PLASTICOS REFORZADOS S.R.L.
2025-12-07 01:07:15,467 - INFO - ✓ Actualizado: MER PLAST PLASTICOS REFORZADOS S.R.L. (ID: 290)
2025-12-07 01:07:15,467 - INFO - [257/408] Procesando: METALURGICA POSADAS SRL
2025-12-07 01:07:15,799 - INFO - ✓ Actualizado: METALURGICA POSADAS SRL (ID: 291)
2025-12-07 01:07:15,800 - INFO - [258/408] Procesando: MEXELL S A
2025-12-07 01:07:16,182 - INFO - ✓ Actualizado: MEXELL S A (ID: 292)
2025-12-07 01:07:16,182 - INFO - [259/408] Procesando: MICRO OMNIBUS GENERAL PACHECO SA
2025-12-07 01:07:16,459 - INFO - ✓ Actualizado: MICRO OMNIBUS GENERAL PACHECO SA (ID: 293)
2025-12-07 01:07:16,459 - INFO - [260/408] Procesando: MINARDI LUCIA MELISA
2025-12-07 01:07:16,778 - INFO - ✓ Actualizado: MINARDI LUCIA MELISA (ID: 294)
2025-12-07 01:07:16,778 - INFO - [261/408] Procesando: MINGRONE JORGE ADRIAN
2025-12-07 01:07:17,161 - INFO - ✓ Actualizado: MINGRONE JORGE ADRIAN (ID: 295)
2025-12-07 01:07:17,162 - INFO - [262/408] Procesando: MINISTERIO DE DEFENSA
2025-12-07 01:07:17,559 - INFO - ✓ Actualizado: MINISTERIO DE DEFENSA (ID: 296)
2025-12-07 01:07:17,559 - INFO - [263/408] Procesando: MINISTERIO DE EDUCACION CULTURA CIENCIA Y TECNOLOGIA
2025-12-07 01:07:17,986 - INFO - ✓ Actualizado: MINISTERIO DE EDUCACION CULTURA CIENCIA Y TECNOLOGIA (ID: 297)
2025-12-07 01:07:17,986 - INFO - [264/408] Procesando: MIT SAFETY S. A.
2025-12-07 01:07:18,250 - INFO - ✓ Actualizado: MIT SAFETY S. A. (ID: 298)
2025-12-07 01:07:18,250 - INFO - [265/408] Procesando: MOLINA HILDA DEL VALLE
2025-12-07 01:07:18,664 - INFO - ✓ Actualizado: MOLINA HILDA DEL VALLE (ID: 299)
2025-12-07 01:07:18,664 - INFO - [266/408] Procesando: MONTENOVI SEBASTIAN ALFREDO
2025-12-07 01:07:18,944 - INFO - ✓ Actualizado: MONTENOVI SEBASTIAN ALFREDO (ID: 300)
2025-12-07 01:07:18,944 - INFO - [267/408] Procesando: MOREA ENRIQUE FRANCISCO
2025-12-07 01:07:19,246 - INFO - ✓ Actualizado: MOREA ENRIQUE FRANCISCO (ID: 301)
2025-12-07 01:07:19,246 - INFO - [268/408] Procesando: MOSTAZA Y PAN SOCIEDAD ANONIMA
2025-12-07 01:07:19,727 - INFO - ✓ Actualizado: MOSTAZA Y PAN SOCIEDAD ANONIMA (ID: 302)
2025-12-07 01:07:19,727 - INFO - [269/408] Procesando: MUEBLES POPULARES S.R.L
2025-12-07 01:07:19,994 - INFO - ✓ Actualizado: MUEBLES POPULARES S.R.L (ID: 303)
2025-12-07 01:07:19,994 - INFO - [270/408] Procesando: MUNDO FUTBOL S.A.
2025-12-07 01:07:20,347 - INFO - ✓ Actualizado: MUNDO FUTBOL S.A. (ID: 304)
2025-12-07 01:07:20,347 - INFO - [271/408] Procesando: MUNICIPALIDAD DE TIGRE
2025-12-07 01:07:20,741 - INFO - ✓ Actualizado: MUNICIPALIDAD DE TIGRE (ID: 305)
2025-12-07 01:07:20,741 - INFO - [272/408] Procesando: MUÑOZ ALEJANDRO DANIEL
2025-12-07 01:07:21,019 - INFO - ✓ Actualizado: MUÑOZ ALEJANDRO DANIEL (ID: 306)
2025-12-07 01:07:21,019 - INFO - [273/408] Procesando: Maxi Nievas +54 9 11 5955-6000
2025-12-07 01:07:21,267 - INFO - ✓ Actualizado: Maxi Nievas +54 9 11 5955-6000 (ID: 307)
2025-12-07 01:07:21,268 - INFO - [274/408] Procesando: NANI DANIEL NESTOR
2025-12-07 01:07:21,737 - INFO - ✓ Actualizado: NANI DANIEL NESTOR (ID: 308)
2025-12-07 01:07:21,738 - INFO - [275/408] Procesando: NANI VICTORIA FIORELLA
2025-12-07 01:07:22,303 - INFO - ✓ Actualizado: NANI VICTORIA FIORELLA (ID: 309)
2025-12-07 01:07:22,303 - INFO - [276/408] Procesando: NEC ARGENTINA SOCIEDAD ANONIMA
2025-12-07 01:07:22,640 - INFO - ✓ Actualizado: NEC ARGENTINA SOCIEDAD ANONIMA (ID: 310)
2025-12-07 01:07:22,641 - INFO - [277/408] Procesando: NETO LAURA VALERIA
2025-12-07 01:07:22,976 - INFO - ✓ Actualizado: NETO LAURA VALERIA (ID: 311)
2025-12-07 01:07:22,976 - INFO - [278/408] Procesando: NEUMATICOS TIBER S.R.L
2025-12-07 01:07:23,384 - INFO - ✓ Actualizado: NEUMATICOS TIBER S.R.L (ID: 312)
2025-12-07 01:07:23,384 - INFO - [279/408] Procesando: NEUMATICOS TIGRE SRL
2025-12-07 01:07:23,921 - INFO - ✓ Actualizado: NEUMATICOS TIGRE SRL (ID: 313)
2025-12-07 01:07:23,921 - INFO - [280/408] Procesando: NEUMATICOS TURIN LEY 19550 CAP I SEC IV
2025-12-07 01:07:24,210 - INFO - ✓ Actualizado: NEUMATICOS TURIN LEY 19550 CAP I SEC IV (ID: 314)
2025-12-07 01:07:24,210 - INFO - [281/408] Procesando: NH CONSULTORES EN RRHH S.R.L
2025-12-07 01:07:24,715 - INFO - ✓ Actualizado: NH CONSULTORES EN RRHH S.R.L (ID: 315)
2025-12-07 01:07:24,715 - INFO - [282/408] Procesando: NUEVA CASA PACO S.A.
2025-12-07 01:07:25,785 - INFO - ✓ Actualizado: NUEVA CASA PACO S.A. (ID: 316)
2025-12-07 01:07:25,785 - INFO - [283/408] Procesando: OBISPADO DE SAN ISIDRO
2025-12-07 01:07:26,368 - INFO - ✓ Actualizado: OBISPADO DE SAN ISIDRO (ID: 317)
2025-12-07 01:07:26,369 - INFO - [284/408] Procesando: OBISPADO DE SAN ISIDRO (sc)
2025-12-07 01:07:26,930 - INFO - ✓ Actualizado: OBISPADO DE SAN ISIDRO (sc) (ID: 318)
2025-12-07 01:07:26,930 - INFO - [285/408] Procesando: OBRA SOCIAL DE DOCENTES PARTICULARES
2025-12-07 01:07:27,727 - INFO - ✓ Actualizado: OBRA SOCIAL DE DOCENTES PARTICULARES (ID: 319)
2025-12-07 01:07:27,728 - INFO - [286/408] Procesando: OFI-Z ARGENTINA S.R.L
2025-12-07 01:07:28,352 - INFO - ✓ Actualizado: OFI-Z ARGENTINA S.R.L (ID: 320)
2025-12-07 01:07:28,353 - INFO - [287/408] Procesando: OLMEDO GIMENEZ DIANA ELIZABETH
2025-12-07 01:07:28,923 - INFO - ✓ Actualizado: OLMEDO GIMENEZ DIANA ELIZABETH (ID: 321)
2025-12-07 01:07:28,923 - INFO - [288/408] Procesando: ONLIPRO S.A.
2025-12-07 01:07:29,340 - INFO - ✓ Actualizado: ONLIPRO S.A. (ID: 322)
2025-12-07 01:07:29,341 - INFO - [289/408] Procesando: OSCAR BERTOLINI
2025-12-07 01:07:30,181 - INFO - ✓ Actualizado: OSCAR BERTOLINI (ID: 323)
2025-12-07 01:07:30,181 - INFO - [290/408] Procesando: PADULA MARCELO NESTOR
2025-12-07 01:07:30,700 - INFO - ✓ Actualizado: PADULA MARCELO NESTOR (ID: 324)
2025-12-07 01:07:30,700 - INFO - [291/408] Procesando: PAGANELLI ADOLFO JOSE
2025-12-07 01:07:31,319 - INFO - ✓ Actualizado: PAGANELLI ADOLFO JOSE (ID: 325)
2025-12-07 01:07:31,319 - INFO - [292/408] Procesando: PALELOG S.R.L
2025-12-07 01:07:31,709 - INFO - ✓ Actualizado: PALELOG S.R.L (ID: 326)
2025-12-07 01:07:31,709 - INFO - [293/408] Procesando: PAPASIDERO FERNANDO MARTIN
2025-12-07 01:07:32,130 - INFO - ✓ Actualizado: PAPASIDERO FERNANDO MARTIN (ID: 327)
2025-12-07 01:07:32,131 - INFO - [294/408] Procesando: PAPUCCI FEDERICO HERNAN
2025-12-07 01:07:32,550 - INFO - ✓ Actualizado: PAPUCCI FEDERICO HERNAN (ID: 328)
2025-12-07 01:07:32,550 - INFO - [295/408] Procesando: PARGA GLADYS MABEL
2025-12-07 01:07:32,981 - INFO - ✓ Actualizado: PARGA GLADYS MABEL (ID: 329)
2025-12-07 01:07:32,981 - INFO - [296/408] Procesando: PATAGONIA CNC MACHINES S.A
2025-12-07 01:07:33,289 - INFO - ✓ Actualizado: PATAGONIA CNC MACHINES S.A (ID: 330)
2025-12-07 01:07:33,289 - INFO - [297/408] Procesando: PATO M
2025-12-07 01:07:33,538 - INFO - ✓ Actualizado: PATO M (ID: 331)
2025-12-07 01:07:33,538 - INFO - [298/408] Procesando: PEDRAZA OSCAR GABRIEL
2025-12-07 01:07:33,826 - INFO - ✓ Actualizado: PEDRAZA OSCAR GABRIEL (ID: 332)
2025-12-07 01:07:33,826 - INFO - [299/408] Procesando: PEREZ RICARDO MARCELO
2025-12-07 01:07:34,096 - INFO - ✓ Actualizado: PEREZ RICARDO MARCELO (ID: 333)
2025-12-07 01:07:34,096 - INFO - [300/408] Procesando: PERFOMAX SRL
2025-12-07 01:07:34,726 - INFO - ✓ Actualizado: PERFOMAX SRL (ID: 334)
2025-12-07 01:07:34,727 - INFO - [301/408] Procesando: PERNIA ADRIAN
2025-12-07 01:07:35,122 - INFO - ✓ Actualizado: PERNIA ADRIAN (ID: 335)
2025-12-07 01:07:35,123 - INFO - [302/408] Procesando: PERRELLA VIVIANA MARCELA
2025-12-07 01:07:35,513 - INFO - ✓ Actualizado: PERRELLA VIVIANA MARCELA (ID: 336)
2025-12-07 01:07:35,513 - INFO - [303/408] Procesando: PESARESI VERONICA SILVINA
2025-12-07 01:07:36,349 - INFO - ✓ Actualizado: PESARESI VERONICA SILVINA (ID: 337)
2025-12-07 01:07:36,349 - INFO - [304/408] Procesando: PIANCATELLI MATIAS EZEQUIEL
2025-12-07 01:07:36,910 - INFO - ✓ Actualizado: PIANCATELLI MATIAS EZEQUIEL (ID: 338)
2025-12-07 01:07:36,911 - INFO - [305/408] Procesando: PIGNATARO (FACU REYES)
2025-12-07 01:07:37,235 - INFO - ✓ Actualizado: PIGNATARO (FACU REYES) (ID: 339)
2025-12-07 01:07:37,235 - INFO - [306/408] Procesando: PILOTES TREVI SOCIEDAD ANONIMA COMERCIAL INDUSTRIAL DE MANDATOS Y SERVICIOS S. A
2025-12-07 01:07:37,527 - INFO - ✓ Actualizado: PILOTES TREVI SOCIEDAD ANONIMA COMERCIAL INDUSTRIAL DE MANDATOS Y SERVICIOS S. A (ID: 340)
2025-12-07 01:07:37,527 - INFO - [307/408] Procesando: PINOCCI CELIA ISABEL
2025-12-07 01:07:37,813 - INFO - ✓ Actualizado: PINOCCI CELIA ISABEL (ID: 341)
2025-12-07 01:07:37,814 - INFO - [308/408] Procesando: PIPI MANIA
2025-12-07 01:07:38,204 - INFO - ✓ Actualizado: PIPI MANIA (ID: 342)
2025-12-07 01:07:38,205 - INFO - [309/408] Procesando: PIZZOLATO JORGE
2025-12-07 01:07:38,892 - INFO - ✓ Actualizado: PIZZOLATO JORGE (ID: 343)
2025-12-07 01:07:38,892 - INFO - [310/408] Procesando: PIZZOLATO JOSE Y PIZZOLATO PABLO DIEGO S
2025-12-07 01:07:39,295 - INFO - ✓ Actualizado: PIZZOLATO JOSE Y PIZZOLATO PABLO DIEGO S (ID: 344)
2025-12-07 01:07:39,296 - INFO - [311/408] Procesando: PLASTICOS COPACHE S.A.
2025-12-07 01:07:39,870 - INFO - ✓ Actualizado: PLASTICOS COPACHE S.A. (ID: 345)
2025-12-07 01:07:39,870 - INFO - [312/408] Procesando: PLASTICOS SAN ANDRES S.R.L.
2025-12-07 01:07:40,246 - INFO - ✓ Actualizado: PLASTICOS SAN ANDRES S.R.L. (ID: 346)
2025-12-07 01:07:40,246 - INFO - [313/408] Procesando: PLIMER S A
2025-12-07 01:07:40,532 - INFO - ✓ Actualizado: PLIMER S A (ID: 347)
2025-12-07 01:07:40,532 - INFO - [314/408] Procesando: PREFECTURA NAVAL ARGENTINA (ALBA)
2025-12-07 01:07:40,848 - INFO - ✓ Actualizado: PREFECTURA NAVAL ARGENTINA (ALBA) (ID: 348)
2025-12-07 01:07:40,848 - INFO - [315/408] Procesando: PREFECTURA NAVAL ARGENTINA (DEPRO)
2025-12-07 01:07:41,112 - INFO - ✓ Actualizado: PREFECTURA NAVAL ARGENTINA (DEPRO) (ID: 349)
2025-12-07 01:07:41,112 - INFO - [316/408] Procesando: PREFECTURA NAVAL ARGENTINA (DIQUE)
2025-12-07 01:07:41,497 - INFO - ✓ Actualizado: PREFECTURA NAVAL ARGENTINA (DIQUE) (ID: 350)
2025-12-07 01:07:41,498 - INFO - [317/408] Procesando: PREFECTURA NAVAL ARGENTINA (OSTI)
2025-12-07 01:07:41,768 - INFO - ✓ Actualizado: PREFECTURA NAVAL ARGENTINA (OSTI) (ID: 351)
2025-12-07 01:07:41,768 - INFO - [318/408] Procesando: PRODAGRO COLON S.A
2025-12-07 01:07:42,071 - INFO - ✓ Actualizado: PRODAGRO COLON S.A (ID: 352)
2025-12-07 01:07:42,071 - INFO - [319/408] Procesando: PROKRETE ARGENTINA SA
2025-12-07 01:07:42,339 - INFO - ✓ Actualizado: PROKRETE ARGENTINA SA (ID: 353)
2025-12-07 01:07:42,339 - INFO - [320/408] Procesando: False
2025-12-07 01:07:42,525 - ERROR - ❌ Error con False: <Fault 2: 'The operation cannot be completed: Contacts require a name'>
2025-12-07 01:07:42,525 - INFO - [321/408] Procesando: PROTEXT S.A
2025-12-07 01:07:42,816 - INFO - ✓ Actualizado: PROTEXT S.A (ID: 355)
2025-12-07 01:07:42,817 - INFO - [322/408] Procesando: PUEBLO EDUCATIVO S.R.L.
2025-12-07 01:07:43,132 - INFO - ✓ Actualizado: PUEBLO EDUCATIVO S.R.L. (ID: 356)
2025-12-07 01:07:43,132 - INFO - [323/408] Procesando: PUENTE CRISTALES SOCIEDAD DE RESPONSABILIDAD LIMITADA
2025-12-07 01:07:43,504 - INFO - ✓ Actualizado: PUENTE CRISTALES SOCIEDAD DE RESPONSABILIDAD LIMITADA (ID: 357)
2025-12-07 01:07:43,505 - INFO - [324/408] Procesando: PUERTO PALMERAS S.A.
2025-12-07 01:07:43,896 - INFO - ✓ Actualizado: PUERTO PALMERAS S.A. (ID: 358)
2025-12-07 01:07:43,896 - INFO - [325/408] Procesando: Pato Berdejo
2025-12-07 01:07:44,206 - INFO - ✓ Actualizado: Pato Berdejo (ID: 359)
2025-12-07 01:07:44,207 - INFO - [326/408] Procesando: QMAQ S.A.
2025-12-07 01:07:44,729 - INFO - ✓ Actualizado: QMAQ S.A. (ID: 360)
2025-12-07 01:07:44,729 - INFO - [327/408] Procesando: QUINTANA CARLOS ALBERTO
2025-12-07 01:07:45,112 - INFO - ✓ Actualizado: QUINTANA CARLOS ALBERTO (ID: 361)
2025-12-07 01:07:45,112 - INFO - [328/408] Procesando: QUITO FRAN
2025-12-07 01:07:45,418 - INFO - ✓ Actualizado: QUITO FRAN (ID: 362)
2025-12-07 01:07:45,418 - INFO - [329/408] Procesando: RAYOS PIMAX S.R.L
2025-12-07 01:07:45,809 - INFO - ✓ Actualizado: RAYOS PIMAX S.R.L (ID: 363)
2025-12-07 01:07:45,810 - INFO - [330/408] Procesando: RECIO MARIANA PAULA
2025-12-07 01:07:46,084 - INFO - ✓ Actualizado: RECIO MARIANA PAULA (ID: 364)
2025-12-07 01:07:46,084 - INFO - [331/408] Procesando: REPUESTOS FORMAX SRL
2025-12-07 01:07:46,354 - INFO - ✓ Actualizado: REPUESTOS FORMAX SRL (ID: 365)
2025-12-07 01:07:46,354 - INFO - [332/408] Procesando: RESTAURANTCENTER.AR S.A.
2025-12-07 01:07:46,771 - INFO - ✓ Actualizado: RESTAURANTCENTER.AR S.A. (ID: 366)
2025-12-07 01:07:46,771 - INFO - [333/408] Procesando: REVESTIMIENTOS Y PINTURAS S.R.L
2025-12-07 01:07:47,055 - INFO - ✓ Actualizado: REVESTIMIENTOS Y PINTURAS S.R.L (ID: 367)
2025-12-07 01:07:47,056 - INFO - [334/408] Procesando: RICARDO A GUIÑAZU SRL
2025-12-07 01:07:47,442 - INFO - ✓ Actualizado: RICARDO A GUIÑAZU SRL (ID: 368)
2025-12-07 01:07:47,442 - INFO - [335/408] Procesando: RICO RUBEN DANIEL
2025-12-07 01:07:47,818 - INFO - ✓ Actualizado: RICO RUBEN DANIEL (ID: 369)
2025-12-07 01:07:47,819 - INFO - [336/408] Procesando: RICOY MARIELA VANINA
2025-12-07 01:07:48,208 - INFO - ✓ Actualizado: RICOY MARIELA VANINA (ID: 370)
2025-12-07 01:07:48,208 - INFO - [337/408] Procesando: RODRIGUEZ ESTELA EDITH
2025-12-07 01:07:48,481 - INFO - ✓ Actualizado: RODRIGUEZ ESTELA EDITH (ID: 371)
2025-12-07 01:07:48,481 - INFO - [338/408] Procesando: RODRIGUEZ ISABEL CRISTINA
2025-12-07 01:07:48,804 - INFO - ✓ Actualizado: RODRIGUEZ ISABEL CRISTINA (ID: 372)
2025-12-07 01:07:48,804 - INFO - [339/408] Procesando: ROFESO S.R.L.
2025-12-07 01:07:49,089 - INFO - ✓ Actualizado: ROFESO S.R.L. (ID: 373)
2025-12-07 01:07:49,089 - INFO - [340/408] Procesando: ROLA CONSTRUCTORA S.A.
2025-12-07 01:07:49,510 - INFO - ✓ Actualizado: ROLA CONSTRUCTORA S.A. (ID: 374)
2025-12-07 01:07:49,511 - INFO - [341/408] Procesando: RONALDO DISTRIBUCION DE ALIMENTOS S.R.L
2025-12-07 01:07:49,922 - INFO - ✓ Actualizado: RONALDO DISTRIBUCION DE ALIMENTOS S.R.L (ID: 375)
2025-12-07 01:07:49,922 - INFO - [342/408] Procesando: ROWING SC SRL
2025-12-07 01:07:50,306 - INFO - ✓ Actualizado: ROWING SC SRL (ID: 376)
2025-12-07 01:07:50,306 - INFO - [343/408] Procesando: RUSH PRODUCTORA FX S.R.L
2025-12-07 01:07:50,573 - INFO - ✓ Actualizado: RUSH PRODUCTORA FX S.R.L (ID: 377)
2025-12-07 01:07:50,574 - INFO - [344/408] Procesando: Ramirez Felix
2025-12-07 01:07:50,846 - INFO - ✓ Actualizado: Ramirez Felix (ID: 378)
2025-12-07 01:07:50,846 - INFO - [345/408] Procesando: Roberto Russo
2025-12-07 01:07:51,228 - INFO - ✓ Actualizado: Roberto Russo (ID: 379)
2025-12-07 01:07:51,229 - INFO - [346/408] Procesando: SALAZAR HUGO OCTAVIO
2025-12-07 01:07:51,503 - INFO - ✓ Actualizado: SALAZAR HUGO OCTAVIO (ID: 380)
2025-12-07 01:07:51,503 - INFO - [347/408] Procesando: SALTO ALEJANDRO RENE
2025-12-07 01:07:51,908 - INFO - ✓ Actualizado: SALTO ALEJANDRO RENE (ID: 381)
2025-12-07 01:07:51,908 - INFO - [348/408] Procesando: SALVATORE MARCELO ALEJANDRO
2025-12-07 01:07:52,342 - INFO - ✓ Actualizado: SALVATORE MARCELO ALEJANDRO (ID: 382)
2025-12-07 01:07:52,342 - INFO - [349/408] Procesando: SANFILIPPO JOSE LUIS
2025-12-07 01:07:52,622 - INFO - ✓ Actualizado: SANFILIPPO JOSE LUIS (ID: 383)
2025-12-07 01:07:52,623 - INFO - [350/408] Procesando: SCBARRA BS AS SRL
2025-12-07 01:07:52,936 - INFO - ✓ Actualizado: SCBARRA BS AS SRL (ID: 384)
2025-12-07 01:07:52,936 - INFO - [351/408] Procesando: SCHIAVONE MARIA CECILIA
2025-12-07 01:07:53,377 - INFO - ✓ Actualizado: SCHIAVONE MARIA CECILIA (ID: 385)
2025-12-07 01:07:53,378 - INFO - [352/408] Procesando: SEGAFREDO ZANETTI ARGENTINA S A
2025-12-07 01:07:53,645 - INFO - ✓ Actualizado: SEGAFREDO ZANETTI ARGENTINA S A (ID: 386)
2025-12-07 01:07:53,646 - INFO - [353/408] Procesando: SERVETTO NORBERTO ADRIAN
2025-12-07 01:07:53,916 - INFO - ✓ Actualizado: SERVETTO NORBERTO ADRIAN (ID: 387)
2025-12-07 01:07:53,916 - INFO - [354/408] Procesando: SERVIAN GUSTAVO ROMULO
2025-12-07 01:07:54,302 - INFO - ✓ Actualizado: SERVIAN GUSTAVO ROMULO (ID: 388)
2025-12-07 01:07:54,302 - INFO - [355/408] Procesando: SINCICH MARCELO GABRIEL
2025-12-07 01:07:54,711 - INFO - ✓ Actualizado: SINCICH MARCELO GABRIEL (ID: 389)
2025-12-07 01:07:54,711 - INFO - [356/408] Procesando: SINDICATO ARGENTINO DE DOCENTES PARTICULARES
2025-12-07 01:07:55,108 - INFO - ✓ Actualizado: SINDICATO ARGENTINO DE DOCENTES PARTICULARES (ID: 390)
2025-12-07 01:07:55,108 - INFO - [357/408] Procesando: SIPER AVIACION S A
2025-12-07 01:07:55,525 - INFO - ✓ Actualizado: SIPER AVIACION S A (ID: 391)
2025-12-07 01:07:55,525 - INFO - [358/408] Procesando: SIRIANNI MARIO CARMELO
2025-12-07 01:07:55,813 - INFO - ✓ Actualizado: SIRIANNI MARIO CARMELO (ID: 392)
2025-12-07 01:07:55,814 - INFO - [359/408] Procesando: SOCIEDAD ALEMANA DE BENEFICENCIA-D.W.G
2025-12-07 01:07:56,080 - INFO - ✓ Actualizado: SOCIEDAD ALEMANA DE BENEFICENCIA-D.W.G (ID: 393)
2025-12-07 01:07:56,081 - INFO - [360/408] Procesando: SODA ARLEQUIN S.R.L.
2025-12-07 01:07:56,485 - INFO - ✓ Actualizado: SODA ARLEQUIN S.R.L. (ID: 394)
2025-12-07 01:07:56,485 - INFO - [361/408] Procesando: SOMA S A
2025-12-07 01:07:57,001 - INFO - ✓ Actualizado: SOMA S A (ID: 395)
2025-12-07 01:07:57,003 - INFO - [362/408] Procesando: SOULE ALCIRA LETICIA
2025-12-07 01:07:57,465 - INFO - ✓ Actualizado: SOULE ALCIRA LETICIA (ID: 396)
2025-12-07 01:07:57,465 - INFO - [363/408] Procesando: STELLACCI HUGO LUIS
2025-12-07 01:07:57,735 - INFO - ✓ Actualizado: STELLACCI HUGO LUIS (ID: 397)
2025-12-07 01:07:57,736 - INFO - [364/408] Procesando: STORE TYRES S.R.L.
2025-12-07 01:07:58,165 - INFO - ✓ Actualizado: STORE TYRES S.R.L. (ID: 398)
2025-12-07 01:07:58,165 - INFO - [365/408] Procesando: SUELTEN AMARRAS SRL
2025-12-07 01:07:58,448 - INFO - ✓ Actualizado: SUELTEN AMARRAS SRL (ID: 399)
2025-12-07 01:07:58,448 - INFO - [366/408] Procesando: SYSTELEC SA
2025-12-07 01:07:58,719 - INFO - ✓ Actualizado: SYSTELEC SA (ID: 400)
2025-12-07 01:07:58,719 - INFO - [367/408] Procesando: Silvana Morrone +54 9 11 6241-5818
2025-12-07 01:07:58,936 - INFO - ✓ Actualizado: Silvana Morrone +54 9 11 6241-5818 (ID: 401)
2025-12-07 01:07:58,936 - INFO - [368/408] Procesando: TBH ARQUITECTOS & CONSTRUCTORES ASOCIADOS SOCIEDAD DE RESPONSABILIDAD LIMITADA
2025-12-07 01:07:59,233 - INFO - ✓ Actualizado: TBH ARQUITECTOS & CONSTRUCTORES ASOCIADOS SOCIEDAD DE RESPONSABILIDAD LIMITADA (ID: 402)
2025-12-07 01:07:59,233 - INFO - [369/408] Procesando: TEDESCO ROSALIA M
2025-12-07 01:07:59,718 - INFO - ✓ Actualizado: TEDESCO ROSALIA M (ID: 403)
2025-12-07 01:07:59,719 - INFO - [370/408] Procesando: TELECAF S.A.
2025-12-07 01:08:00,196 - INFO - ✓ Actualizado: TELECAF S.A. (ID: 404)
2025-12-07 01:08:00,196 - INFO - [371/408] Procesando: TERCON NELIDA MARTA
2025-12-07 01:08:00,459 - INFO - ✓ Actualizado: TERCON NELIDA MARTA (ID: 405)
2025-12-07 01:08:00,460 - INFO - [372/408] Procesando: TEXTIL BOYA S.R.L.
2025-12-07 01:08:00,847 - INFO - ✓ Actualizado: TEXTIL BOYA S.R.L. (ID: 406)
2025-12-07 01:08:00,847 - INFO - [373/408] Procesando: TOCCI JORGE RUBEN
2025-12-07 01:08:01,113 - INFO - ✓ Actualizado: TOCCI JORGE RUBEN (ID: 407)
2025-12-07 01:08:01,114 - INFO - [374/408] Procesando: TODO PARA EL CONTADOR S.A.
2025-12-07 01:08:01,593 - INFO - ✓ Actualizado: TODO PARA EL CONTADOR S.A. (ID: 408)
2025-12-07 01:08:01,593 - INFO - [375/408] Procesando: TOSCANO AGRAS CARLA VANINA
2025-12-07 01:08:01,981 - INFO - ✓ Actualizado: TOSCANO AGRAS CARLA VANINA (ID: 409)
2025-12-07 01:08:01,981 - INFO - [376/408] Procesando: TOYOTA MATERIAL HANDLING MERCOSUR INDUSTRIA E COMERCIO DE EQUIPAMENTOS LTDA. S. E. E
2025-12-07 01:08:02,256 - INFO - ✓ Actualizado: TOYOTA MATERIAL HANDLING MERCOSUR INDUSTRIA E COMERCIO DE EQUIPAMENTOS LTDA. S. E. E (ID: 410)
2025-12-07 01:08:02,256 - INFO - [377/408] Procesando: TRANS RUIZ SRL
2025-12-07 01:08:02,681 - INFO - ✓ Actualizado: TRANS RUIZ SRL (ID: 411)
2025-12-07 01:08:02,681 - INFO - [378/408] Procesando: TRANSAIR S.A.
2025-12-07 01:08:03,070 - INFO - ✓ Actualizado: TRANSAIR S.A. (ID: 412)
2025-12-07 01:08:03,071 - INFO - [379/408] Procesando: TRANSPORTE BIDONE E HIJOS S.R.L.
2025-12-07 01:08:03,475 - INFO - ✓ Actualizado: TRANSPORTE BIDONE E HIJOS S.R.L. (ID: 413)
2025-12-07 01:08:03,476 - INFO - [380/408] Procesando: TRANSPORTES GRA-CA S.A
2025-12-07 01:08:03,790 - INFO - ✓ Actualizado: TRANSPORTES GRA-CA S.A (ID: 414)
2025-12-07 01:08:03,790 - INFO - [381/408] Procesando: TRANSPORTES IVAN TRUCKS S.R.L
2025-12-07 01:08:04,055 - INFO - ✓ Actualizado: TRANSPORTES IVAN TRUCKS S.R.L (ID: 415)
2025-12-07 01:08:04,055 - INFO - [382/408] Procesando: TRANSPORTES RIPPE S.R.L.
2025-12-07 01:08:04,425 - INFO - ✓ Actualizado: TRANSPORTES RIPPE S.R.L. (ID: 416)
2025-12-07 01:08:04,425 - INFO - [383/408] Procesando: TUFARO DANIEL VICENTE
2025-12-07 01:08:04,872 - INFO - ✓ Actualizado: TUFARO DANIEL VICENTE (ID: 417)
2025-12-07 01:08:04,872 - INFO - [384/408] Procesando: TUFROCALI S.R.L.
2025-12-07 01:08:05,129 - INFO - ✓ Actualizado: TUFROCALI S.R.L. (ID: 418)
2025-12-07 01:08:05,130 - INFO - [385/408] Procesando: TUTUGI S.R.L.
2025-12-07 01:08:05,412 - INFO - ✓ Actualizado: TUTUGI S.R.L. (ID: 419)
2025-12-07 01:08:05,412 - INFO - [386/408] Procesando: Template CPU
2025-12-07 01:08:05,629 - INFO - ✓ Actualizado: Template CPU (ID: 420)
2025-12-07 01:08:05,629 - INFO - [387/408] Procesando: UNIVERSIDAD TECNOLOGICA NACIONAL
2025-12-07 01:08:05,947 - INFO - ✓ Actualizado: UNIVERSIDAD TECNOLOGICA NACIONAL (ID: 421)
2025-12-07 01:08:05,948 - INFO - [388/408] Procesando: USS SERVICIOS UNIDOS DE SEGURIDAD S. A.
2025-12-07 01:08:06,330 - INFO - ✓ Actualizado: USS SERVICIOS UNIDOS DE SEGURIDAD S. A. (ID: 422)
2025-12-07 01:08:06,331 - INFO - [389/408] Procesando: V D R SRL
2025-12-07 01:08:06,707 - INFO - ✓ Actualizado: V D R SRL (ID: 423)
2025-12-07 01:08:06,708 - INFO - [390/408] Procesando: VALEGGIA VALERIA NORA
2025-12-07 01:08:07,008 - INFO - ✓ Actualizado: VALEGGIA VALERIA NORA (ID: 424)
2025-12-07 01:08:07,008 - INFO - [391/408] Procesando: VALERZA SA
2025-12-07 01:08:07,282 - INFO - ✓ Actualizado: VALERZA SA (ID: 425)
2025-12-07 01:08:07,282 - INFO - [392/408] Procesando: VERON RITA DEL CARMEN
2025-12-07 01:08:07,567 - INFO - ✓ Actualizado: VERON RITA DEL CARMEN (ID: 426)
2025-12-07 01:08:07,567 - INFO - [393/408] Procesando: VETRIX S.R.L.
2025-12-07 01:08:07,965 - INFO - ✓ Actualizado: VETRIX S.R.L. (ID: 427)
2025-12-07 01:08:07,966 - INFO - [394/408] Procesando: VICHER SA
2025-12-07 01:08:08,403 - INFO - ✓ Actualizado: VICHER SA (ID: 428)
2025-12-07 01:08:08,403 - INFO - [395/408] Procesando: VITAFLO BUENOS AIRES SOCIEDAD ANONIMA
2025-12-07 01:08:08,782 - INFO - ✓ Actualizado: VITAFLO BUENOS AIRES SOCIEDAD ANONIMA (ID: 429)
2025-12-07 01:08:08,783 - INFO - [396/408] Procesando: VSA ALTA COMPLEJIDAD S A
2025-12-07 01:08:09,063 - INFO - ✓ Actualizado: VSA ALTA COMPLEJIDAD S A (ID: 430)
2025-12-07 01:08:09,063 - INFO - [397/408] Procesando: Velazco Jorge Daniel
2025-12-07 01:08:09,459 - INFO - ✓ Actualizado: Velazco Jorge Daniel (ID: 431)
2025-12-07 01:08:09,460 - INFO - [398/408] Procesando: WAY MAKER S.A.
2025-12-07 01:08:10,146 - INFO - ✓ Actualizado: WAY MAKER S.A. (ID: 432)
2025-12-07 01:08:10,146 - INFO - [399/408] Procesando: WITAN S.A. (COLEGIO ANDERSEN)
2025-12-07 01:08:10,643 - INFO - ✓ Actualizado: WITAN S.A. (COLEGIO ANDERSEN) (ID: 433)
2025-12-07 01:08:10,643 - INFO - [400/408] Procesando: XCMG GROUP LATAM S.A
2025-12-07 01:08:11,079 - INFO - ✓ Actualizado: XCMG GROUP LATAM S.A (ID: 434)
2025-12-07 01:08:11,079 - INFO - [401/408] Procesando: YOMHA ROSA FERMINA
2025-12-07 01:08:11,736 - INFO - ✓ Actualizado: YOMHA ROSA FERMINA (ID: 435)
2025-12-07 01:08:11,736 - INFO - [402/408] Procesando: YURREBASO DIESEL S.A.
2025-12-07 01:08:13,373 - INFO - ✓ Actualizado: YURREBASO DIESEL S.A. (ID: 436)
2025-12-07 01:08:13,373 - INFO - [403/408] Procesando: ZABRANA CARLOS FEDERICO
2025-12-07 01:08:14,398 - INFO - ✓ Actualizado: ZABRANA CARLOS FEDERICO (ID: 437)
2025-12-07 01:08:14,398 - INFO - [404/408] Procesando: ZAPATA DAMARIS GLORIA
2025-12-07 01:08:15,252 - INFO - ✓ Actualizado: ZAPATA DAMARIS GLORIA (ID: 438)
2025-12-07 01:08:15,252 - INFO - [405/408] Procesando: ZAYCO S.R.L.
2025-12-07 01:08:15,797 - INFO - ✓ Actualizado: ZAYCO S.R.L. (ID: 439)
2025-12-07 01:08:15,798 - INFO - [406/408] Procesando: bar
2025-12-07 01:08:16,374 - INFO - ✓ Actualizado: bar (ID: 440)
2025-12-07 01:08:16,374 - INFO - [407/408] Procesando: carina 15-5012-1551
2025-12-07 01:08:17,031 - INFO - ✓ Actualizado: carina 15-5012-1551 (ID: 441)
2025-12-07 01:08:17,032 - INFO - [408/408] Procesando: ofi
2025-12-07 01:08:17,904 - INFO - ✓ Actualizado: ofi (ID: 442)
2025-12-07 01:08:17,905 - INFO - 
2025-12-07 01:08:17,905 - INFO - ============================================================
2025-12-07 01:08:17,905 - INFO - RESUMEN DE SINCRONIZACIÓN
2025-12-07 01:08:17,905 - INFO - ============================================================
2025-12-07 01:08:17,906 - INFO - Total procesados: 408
2025-12-07 01:08:17,906 - INFO - ✓ Creados:       1
2025-12-07 01:08:17,906 - INFO - ✓ Actualizados:  406
2025-12-07 01:08:17,906 - INFO - ❌ Errores:       1
2025-12-07 01:08:17,906 - INFO - ⏱ Tiempo:         0:02:44.629908
2025-12-07 01:08:17,907 - INFO - ============================================================
2025-12-07 01:08:17,907 - WARNING - ⚠ Completado con 1 errores
